#! /usr/bin/vvp
:ivl_version "10.2 (stable)";
:ivl_delay_selection "TYPICAL";
:vpi_time_precision - 9;
:vpi_module "system";
:vpi_module "vhdl_sys";
:vpi_module "v2005_math";
:vpi_module "va_math";
S_0x556c0ee4c1d0 .scope module, "rs_lacth_nand_structural_tb" "rs_lacth_nand_structural_tb" 2 3;
 .timescale -9 -9;
v0x556c0eeaa3f0_0 .net "q", 0 0, L_0x556c0eeaa750;  1 drivers
v0x556c0eeaa4b0_0 .net "qn", 0 0, L_0x556c0eeaa8b0;  1 drivers
v0x556c0eeaa580_0 .var "r", 0 0;
v0x556c0eeaa680_0 .var "s", 0 0;
S_0x556c0ee4c350 .scope module, "rs_test" "rs_latch_nand_structural" 2 7, 3 1 0, S_0x556c0ee4c1d0;
 .timescale -9 -9;
    .port_info 0 /INPUT 1 "r"
    .port_info 1 /INPUT 1 "s"
    .port_info 2 /OUTPUT 1 "q"
    .port_info 3 /OUTPUT 1 "qn"
L_0x556c0eeaa750 .functor NAND 1, v0x556c0eeaa680_0, L_0x556c0eeaa8b0, C4<1>, C4<1>;
L_0x556c0eeaa8b0 .functor NAND 1, v0x556c0eeaa580_0, L_0x556c0eeaa750, C4<1>, C4<1>;
v0x556c0ee81dc0_0 .net "q", 0 0, L_0x556c0eeaa750;  alias, 1 drivers
v0x556c0eeaa0f0_0 .net "qn", 0 0, L_0x556c0eeaa8b0;  alias, 1 drivers
v0x556c0eeaa1b0_0 .net "r", 0 0, v0x556c0eeaa580_0;  1 drivers
v0x556c0eeaa280_0 .net "s", 0 0, v0x556c0eeaa680_0;  1 drivers
    .scope S_0x556c0ee4c1d0;
T_0 ;
    %pushi/vec4 0, 0, 1;
    %store/vec4 v0x556c0eeaa580_0, 0, 1;
    %pushi/vec4 0, 0, 1;
    %store/vec4 v0x556c0eeaa680_0, 0, 1;
    %delay 1, 0;
    %vpi_call 2 13 "$display", "r=%b, s=%b, q=%b, qn=%b", v0x556c0eeaa580_0, v0x556c0eeaa680_0, v0x556c0eeaa3f0_0, v0x556c0eeaa4b0_0 {0 0 0};
    %delay 1, 0;
    %pushi/vec4 0, 0, 1;
    %store/vec4 v0x556c0eeaa580_0, 0, 1;
    %pushi/vec4 1, 0, 1;
    %store/vec4 v0x556c0eeaa680_0, 0, 1;
    %delay 1, 0;
    %vpi_call 2 17 "$display", "r=%b, s=%b, q=%b, qn=%b", v0x556c0eeaa580_0, v0x556c0eeaa680_0, v0x556c0eeaa3f0_0, v0x556c0eeaa4b0_0 {0 0 0};
    %delay 1, 0;
    %pushi/vec4 1, 0, 1;
    %store/vec4 v0x556c0eeaa580_0, 0, 1;
    %pushi/vec4 1, 0, 1;
    %store/vec4 v0x556c0eeaa680_0, 0, 1;
    %delay 1, 0;
    %vpi_call 2 21 "$display", "r=%b, s=%b, q=%b, qn=%b", v0x556c0eeaa580_0, v0x556c0eeaa680_0, v0x556c0eeaa3f0_0, v0x556c0eeaa4b0_0 {0 0 0};
    %delay 1, 0;
    %pushi/vec4 1, 0, 1;
    %store/vec4 v0x556c0eeaa580_0, 0, 1;
    %pushi/vec4 0, 0, 1;
    %store/vec4 v0x556c0eeaa680_0, 0, 1;
    %delay 1, 0;
    %vpi_call 2 25 "$display", "r=%b, s=%b, q=%b, qn=%b", v0x556c0eeaa580_0, v0x556c0eeaa680_0, v0x556c0eeaa3f0_0, v0x556c0eeaa4b0_0 {0 0 0};
    %delay 1, 0;
    %pushi/vec4 1, 0, 1;
    %store/vec4 v0x556c0eeaa580_0, 0, 1;
    %pushi/vec4 1, 0, 1;
    %store/vec4 v0x556c0eeaa680_0, 0, 1;
    %delay 1, 0;
    %vpi_call 2 29 "$display", "r=%b, s=%b, q=%b, qn=%b", v0x556c0eeaa580_0, v0x556c0eeaa680_0, v0x556c0eeaa3f0_0, v0x556c0eeaa4b0_0 {0 0 0};
    %end;
    .thread T_0;
    .scope S_0x556c0ee4c1d0;
T_1 ;
    %vpi_call 2 33 "$dumpfile", "rs_latch_nand_structural.vcd" {0 0 0};
    %vpi_call 2 34 "$dumpvars" {0 0 0};
    %end;
    .thread T_1;
# The file index is used to find the file name in the following table.
:file_names 4;
    "N/A";
    "<interactive>";
    "rs_lacth_nand_structural_tb.v";
    "./rs_latch_nand_structural.v";
