#! /usr/bin/vvp
:ivl_version "10.2 (stable)";
:ivl_delay_selection "TYPICAL";
:vpi_time_precision - 9;
:vpi_module "system";
:vpi_module "vhdl_sys";
:vpi_module "v2005_math";
:vpi_module "va_math";
S_0x557d768a5e60 .scope module, "mux_2_1_tb" "mux_2_1_tb" 2 3;
 .timescale -9 -9;
v0x557d768cae30_0 .var "a", 15 0;
v0x557d768caf10_0 .var "b", 15 0;
v0x557d768cafe0_0 .var "sel", 0 0;
v0x557d768cb0e0_0 .net "y", 15 0, L_0x557d768cb320;  1 drivers
S_0x557d768a5fe0 .scope module, "mux_2_1" "mux_2_1" 2 8, 3 1 0, S_0x557d768a5e60;
 .timescale -9 -9;
    .port_info 0 /INPUT 16 "a"
    .port_info 1 /INPUT 16 "b"
    .port_info 2 /INPUT 1 "sel"
    .port_info 3 /OUTPUT 16 "y"
L_0x7fe41ba18018 .functor BUFT 1, C4<0>, C4<0>, C4<0>, C4<0>;
L_0x557d768cb1e0 .functor XNOR 1, v0x557d768cafe0_0, L_0x7fe41ba18018, C4<0>, C4<0>;
v0x557d76870160_0 .net/2u *"_s0", 0 0, L_0x7fe41ba18018;  1 drivers
v0x557d768ca930_0 .net *"_s2", 0 0, L_0x557d768cb1e0;  1 drivers
v0x557d768ca9f0_0 .net "a", 15 0, v0x557d768cae30_0;  1 drivers
v0x557d768caae0_0 .net "b", 15 0, v0x557d768caf10_0;  1 drivers
v0x557d768cabc0_0 .net "sel", 0 0, v0x557d768cafe0_0;  1 drivers
v0x557d768cacd0_0 .net "y", 15 0, L_0x557d768cb320;  alias, 1 drivers
L_0x557d768cb320 .functor MUXZ 16, v0x557d768caf10_0, v0x557d768cae30_0, L_0x557d768cb1e0, C4<>;
    .scope S_0x557d768a5e60;
T_0 ;
    %pushi/vec4 1, 0, 16;
    %store/vec4 v0x557d768cae30_0, 0, 16;
    %pushi/vec4 2, 0, 16;
    %store/vec4 v0x557d768caf10_0, 0, 16;
    %delay 1, 0;
    %pushi/vec4 1, 0, 1;
    %store/vec4 v0x557d768cafe0_0, 0, 1;
    %delay 1, 0;
    %vpi_call 2 15 "$display", "\012a =", v0x557d768cae30_0, "\012b =", v0x557d768caf10_0, "\012sel =", v0x557d768cafe0_0, "\012y =", v0x557d768cb0e0_0 {0 0 0};
    %vpi_call 2 16 "$dumpfile", "mux_2_1_tb.vcd" {0 0 0};
    %vpi_call 2 17 "$dumpvars" {0 0 0};
    %end;
    .thread T_0;
# The file index is used to find the file name in the following table.
:file_names 4;
    "N/A";
    "<interactive>";
    "mux_2_1_tb.v";
    "./mux_2_1.v";
