#! /usr/bin/vvp
:ivl_version "10.3 (stable)";
:ivl_delay_selection "TYPICAL";
:vpi_time_precision - 9;
:vpi_module "system";
:vpi_module "vhdl_sys";
:vpi_module "v2005_math";
:vpi_module "va_math";
S_0x563a06a1bda0 .scope module, "thunderbird_tb" "thunderbird_tb" 2 3;
 .timescale -9 -9;
v0x563a06a36f40_0 .var "clk", 0 0;
v0x563a06a37000_0 .var "left", 0 0;
v0x563a06a370d0_0 .net "out", 5 0, v0x563a06a36b10_0;  1 drivers
v0x563a06a371d0_0 .var "reset", 0 0;
v0x563a06a372a0_0 .var "right", 0 0;
S_0x563a06a1bf20 .scope module, "tbird" "thunderbird" 2 40, 3 1 0, S_0x563a06a1bda0;
 .timescale -9 -9;
    .port_info 0 /INPUT 1 "left"
    .port_info 1 /INPUT 1 "right"
    .port_info 2 /INPUT 1 "reset"
    .port_info 3 /INPUT 1 "clk"
    .port_info 4 /OUTPUT 6 "out"
P_0x563a069dc090 .param/l "LA" 0 3 9, C4<001000>;
P_0x563a069dc0d0 .param/l "LBLA" 0 3 10, C4<011000>;
P_0x563a069dc110 .param/l "LCLBLA" 0 3 11, C4<111000>;
P_0x563a069dc150 .param/l "LR" 0 3 15, C4<111111>;
P_0x563a069dc190 .param/l "R" 0 3 8, C4<000000>;
P_0x563a069dc1d0 .param/l "RA" 0 3 12, C4<000001>;
P_0x563a069dc210 .param/l "RBRA" 0 3 13, C4<000011>;
P_0x563a069dc250 .param/l "RCRBRA" 0 3 14, C4<000111>;
v0x563a06a07440_0 .net "clk", 0 0, v0x563a06a36f40_0;  1 drivers
v0x563a06a36960_0 .net "left", 0 0, v0x563a06a37000_0;  1 drivers
v0x563a06a36a20_0 .var "n_state", 5 0;
v0x563a06a36b10_0 .var "out", 5 0;
v0x563a06a36bf0_0 .net "reset", 0 0, v0x563a06a371d0_0;  1 drivers
v0x563a06a36d00_0 .net "right", 0 0, v0x563a06a372a0_0;  1 drivers
v0x563a06a36dc0_0 .var "state", 5 0;
E_0x563a06a11da0 .event edge, v0x563a06a36dc0_0, v0x563a06a36960_0, v0x563a06a36d00_0;
E_0x563a06a119e0/0 .event negedge, v0x563a06a36bf0_0;
E_0x563a06a119e0/1 .event posedge, v0x563a06a07440_0;
E_0x563a06a119e0 .event/or E_0x563a06a119e0/0, E_0x563a06a119e0/1;
    .scope S_0x563a06a1bf20;
T_0 ;
    %wait E_0x563a06a119e0;
    %load/vec4 v0x563a06a36bf0_0;
    %pad/u 32;
    %cmpi/e 1, 0, 32;
    %jmp/0xz  T_0.0, 4;
    %load/vec4 v0x563a06a36bf0_0;
    %pad/u 6;
    %assign/vec4 v0x563a06a36dc0_0, 0;
    %jmp T_0.1;
T_0.0 ;
    %load/vec4 v0x563a06a36a20_0;
    %assign/vec4 v0x563a06a36dc0_0, 0;
T_0.1 ;
    %jmp T_0;
    .thread T_0;
    .scope S_0x563a06a1bf20;
T_1 ;
    %wait E_0x563a06a11da0;
    %load/vec4 v0x563a06a36dc0_0;
    %dup/vec4;
    %pushi/vec4 0, 0, 6;
    %cmp/u;
    %jmp/1 T_1.0, 6;
    %dup/vec4;
    %pushi/vec4 8, 0, 6;
    %cmp/u;
    %jmp/1 T_1.1, 6;
    %dup/vec4;
    %pushi/vec4 24, 0, 6;
    %cmp/u;
    %jmp/1 T_1.2, 6;
    %dup/vec4;
    %pushi/vec4 56, 0, 6;
    %cmp/u;
    %jmp/1 T_1.3, 6;
    %dup/vec4;
    %pushi/vec4 1, 0, 6;
    %cmp/u;
    %jmp/1 T_1.4, 6;
    %dup/vec4;
    %pushi/vec4 3, 0, 6;
    %cmp/u;
    %jmp/1 T_1.5, 6;
    %dup/vec4;
    %pushi/vec4 7, 0, 6;
    %cmp/u;
    %jmp/1 T_1.6, 6;
    %dup/vec4;
    %pushi/vec4 63, 0, 6;
    %cmp/u;
    %jmp/1 T_1.7, 6;
    %pushi/vec4 0, 0, 6;
    %store/vec4 v0x563a06a36a20_0, 0, 6;
    %jmp T_1.9;
T_1.0 ;
    %load/vec4 v0x563a06a36dc0_0;
    %store/vec4 v0x563a06a36b10_0, 0, 6;
    %load/vec4 v0x563a06a36960_0;
    %pushi/vec4 0, 0, 1;
    %cmp/e;
    %flag_get/vec4 4;
    %load/vec4 v0x563a06a36d00_0;
    %pushi/vec4 1, 0, 1;
    %cmp/e;
    %flag_get/vec4 4;
    %and;
    %flag_set/vec4 8;
    %jmp/0xz  T_1.10, 8;
    %pushi/vec4 1, 0, 6;
    %store/vec4 v0x563a06a36a20_0, 0, 6;
    %jmp T_1.11;
T_1.10 ;
    %load/vec4 v0x563a06a36960_0;
    %pushi/vec4 1, 0, 1;
    %cmp/e;
    %flag_get/vec4 4;
    %load/vec4 v0x563a06a36d00_0;
    %pushi/vec4 0, 0, 1;
    %cmp/e;
    %flag_get/vec4 4;
    %and;
    %flag_set/vec4 8;
    %jmp/0xz  T_1.12, 8;
    %pushi/vec4 8, 0, 6;
    %store/vec4 v0x563a06a36a20_0, 0, 6;
    %jmp T_1.13;
T_1.12 ;
    %load/vec4 v0x563a06a36d00_0;
    %pushi/vec4 1, 0, 1;
    %cmp/e;
    %flag_get/vec4 4;
    %load/vec4 v0x563a06a36960_0;
    %pushi/vec4 1, 0, 1;
    %cmp/e;
    %flag_get/vec4 4;
    %and;
    %flag_set/vec4 8;
    %jmp/0xz  T_1.14, 8;
    %pushi/vec4 63, 0, 6;
    %store/vec4 v0x563a06a36a20_0, 0, 6;
T_1.14 ;
T_1.13 ;
T_1.11 ;
    %jmp T_1.9;
T_1.1 ;
    %load/vec4 v0x563a06a36dc0_0;
    %store/vec4 v0x563a06a36b10_0, 0, 6;
    %load/vec4 v0x563a06a36d00_0;
    %cmpi/e 0, 0, 1;
    %jmp/0xz  T_1.16, 4;
    %pushi/vec4 24, 0, 6;
    %store/vec4 v0x563a06a36a20_0, 0, 6;
    %jmp T_1.17;
T_1.16 ;
    %load/vec4 v0x563a06a36d00_0;
    %cmpi/e 1, 0, 1;
    %jmp/0xz  T_1.18, 4;
    %pushi/vec4 0, 0, 6;
    %store/vec4 v0x563a06a36a20_0, 0, 6;
T_1.18 ;
T_1.17 ;
    %jmp T_1.9;
T_1.2 ;
    %load/vec4 v0x563a06a36dc0_0;
    %store/vec4 v0x563a06a36b10_0, 0, 6;
    %load/vec4 v0x563a06a36d00_0;
    %cmpi/e 0, 0, 1;
    %jmp/0xz  T_1.20, 4;
    %pushi/vec4 56, 0, 6;
    %store/vec4 v0x563a06a36a20_0, 0, 6;
    %jmp T_1.21;
T_1.20 ;
    %load/vec4 v0x563a06a36d00_0;
    %cmpi/e 1, 0, 1;
    %jmp/0xz  T_1.22, 4;
    %pushi/vec4 0, 0, 6;
    %store/vec4 v0x563a06a36a20_0, 0, 6;
T_1.22 ;
T_1.21 ;
    %jmp T_1.9;
T_1.3 ;
    %load/vec4 v0x563a06a36dc0_0;
    %store/vec4 v0x563a06a36b10_0, 0, 6;
    %load/vec4 v0x563a06a36960_0;
    %pushi/vec4 0, 0, 1;
    %cmp/e;
    %flag_get/vec4 4;
    %load/vec4 v0x563a06a36d00_0;
    %pushi/vec4 1, 0, 1;
    %cmp/e;
    %flag_get/vec4 4;
    %and;
    %flag_set/vec4 8;
    %jmp/0xz  T_1.24, 8;
    %pushi/vec4 1, 0, 6;
    %store/vec4 v0x563a06a36a20_0, 0, 6;
    %jmp T_1.25;
T_1.24 ;
    %load/vec4 v0x563a06a36960_0;
    %pushi/vec4 1, 0, 1;
    %cmp/e;
    %flag_get/vec4 4;
    %load/vec4 v0x563a06a36d00_0;
    %pushi/vec4 0, 0, 1;
    %cmp/e;
    %flag_get/vec4 4;
    %and;
    %flag_set/vec4 8;
    %jmp/0xz  T_1.26, 8;
    %pushi/vec4 8, 0, 6;
    %store/vec4 v0x563a06a36a20_0, 0, 6;
    %jmp T_1.27;
T_1.26 ;
    %load/vec4 v0x563a06a36960_0;
    %pushi/vec4 1, 0, 1;
    %cmp/e;
    %flag_get/vec4 4;
    %load/vec4 v0x563a06a36d00_0;
    %pushi/vec4 1, 0, 1;
    %cmp/e;
    %flag_get/vec4 4;
    %and;
    %flag_set/vec4 8;
    %jmp/0xz  T_1.28, 8;
    %pushi/vec4 63, 0, 6;
    %store/vec4 v0x563a06a36a20_0, 0, 6;
T_1.28 ;
T_1.27 ;
T_1.25 ;
    %jmp T_1.9;
T_1.4 ;
    %load/vec4 v0x563a06a36dc0_0;
    %store/vec4 v0x563a06a36b10_0, 0, 6;
    %load/vec4 v0x563a06a36960_0;
    %cmpi/e 0, 0, 1;
    %jmp/0xz  T_1.30, 4;
    %pushi/vec4 3, 0, 6;
    %store/vec4 v0x563a06a36a20_0, 0, 6;
    %jmp T_1.31;
T_1.30 ;
    %load/vec4 v0x563a06a36960_0;
    %cmpi/e 1, 0, 1;
    %jmp/0xz  T_1.32, 4;
    %pushi/vec4 0, 0, 6;
    %store/vec4 v0x563a06a36a20_0, 0, 6;
T_1.32 ;
T_1.31 ;
    %jmp T_1.9;
T_1.5 ;
    %load/vec4 v0x563a06a36dc0_0;
    %store/vec4 v0x563a06a36b10_0, 0, 6;
    %load/vec4 v0x563a06a36960_0;
    %cmpi/e 0, 0, 1;
    %jmp/0xz  T_1.34, 4;
    %pushi/vec4 7, 0, 6;
    %store/vec4 v0x563a06a36a20_0, 0, 6;
    %jmp T_1.35;
T_1.34 ;
    %load/vec4 v0x563a06a36960_0;
    %cmpi/e 1, 0, 1;
    %jmp/0xz  T_1.36, 4;
    %pushi/vec4 0, 0, 6;
    %store/vec4 v0x563a06a36a20_0, 0, 6;
T_1.36 ;
T_1.35 ;
    %jmp T_1.9;
T_1.6 ;
    %load/vec4 v0x563a06a36dc0_0;
    %store/vec4 v0x563a06a36b10_0, 0, 6;
    %load/vec4 v0x563a06a36960_0;
    %pushi/vec4 0, 0, 1;
    %cmp/e;
    %flag_get/vec4 4;
    %load/vec4 v0x563a06a36d00_0;
    %pushi/vec4 1, 0, 1;
    %cmp/e;
    %flag_get/vec4 4;
    %and;
    %flag_set/vec4 8;
    %jmp/0xz  T_1.38, 8;
    %pushi/vec4 1, 0, 6;
    %store/vec4 v0x563a06a36a20_0, 0, 6;
    %jmp T_1.39;
T_1.38 ;
    %load/vec4 v0x563a06a36960_0;
    %pushi/vec4 1, 0, 1;
    %cmp/e;
    %flag_get/vec4 4;
    %load/vec4 v0x563a06a36d00_0;
    %pushi/vec4 0, 0, 1;
    %cmp/e;
    %flag_get/vec4 4;
    %and;
    %flag_set/vec4 8;
    %jmp/0xz  T_1.40, 8;
    %pushi/vec4 8, 0, 6;
    %store/vec4 v0x563a06a36a20_0, 0, 6;
    %jmp T_1.41;
T_1.40 ;
    %load/vec4 v0x563a06a36d00_0;
    %pushi/vec4 1, 0, 1;
    %cmp/e;
    %flag_get/vec4 4;
    %load/vec4 v0x563a06a36960_0;
    %pushi/vec4 1, 0, 1;
    %cmp/e;
    %flag_get/vec4 4;
    %and;
    %flag_set/vec4 8;
    %jmp/0xz  T_1.42, 8;
    %pushi/vec4 63, 0, 6;
    %store/vec4 v0x563a06a36a20_0, 0, 6;
T_1.42 ;
T_1.41 ;
T_1.39 ;
    %jmp T_1.9;
T_1.7 ;
    %load/vec4 v0x563a06a36dc0_0;
    %store/vec4 v0x563a06a36b10_0, 0, 6;
    %load/vec4 v0x563a06a36960_0;
    %pushi/vec4 0, 0, 1;
    %cmp/e;
    %flag_get/vec4 4;
    %load/vec4 v0x563a06a36d00_0;
    %pushi/vec4 1, 0, 1;
    %cmp/e;
    %flag_get/vec4 4;
    %and;
    %flag_set/vec4 8;
    %jmp/0xz  T_1.44, 8;
    %pushi/vec4 1, 0, 6;
    %store/vec4 v0x563a06a36a20_0, 0, 6;
    %jmp T_1.45;
T_1.44 ;
    %load/vec4 v0x563a06a36960_0;
    %pushi/vec4 1, 0, 1;
    %cmp/e;
    %flag_get/vec4 4;
    %load/vec4 v0x563a06a36d00_0;
    %pushi/vec4 0, 0, 1;
    %cmp/e;
    %flag_get/vec4 4;
    %and;
    %flag_set/vec4 8;
    %jmp/0xz  T_1.46, 8;
    %pushi/vec4 8, 0, 6;
    %store/vec4 v0x563a06a36a20_0, 0, 6;
T_1.46 ;
T_1.45 ;
    %jmp T_1.9;
T_1.9 ;
    %pop/vec4 1;
    %jmp T_1;
    .thread T_1, $push;
    .scope S_0x563a06a1bda0;
T_2 ;
    %pushi/vec4 0, 0, 1;
    %store/vec4 v0x563a06a36f40_0, 0, 1;
T_2.0 ;
    %delay 3, 0;
    %load/vec4 v0x563a06a36f40_0;
    %inv;
    %store/vec4 v0x563a06a36f40_0, 0, 1;
    %jmp T_2.0;
    %end;
    .thread T_2;
    .scope S_0x563a06a1bda0;
T_3 ;
    %vpi_call 2 14 "$monitor", "left=%4b,right=%4b,reset=%4b,clk=%4b,out=%4b", v0x563a06a37000_0, v0x563a06a372a0_0, v0x563a06a371d0_0, v0x563a06a36f40_0, v0x563a06a370d0_0 {0 0 0};
    %vpi_call 2 15 "$dumpfile", "thunderbird.vcd" {0 0 0};
    %vpi_call 2 16 "$dumpvars" {0 0 0};
    %pushi/vec4 1, 0, 1;
    %assign/vec4 v0x563a06a371d0_0, 0;
    %pushi/vec4 0, 0, 1;
    %assign/vec4 v0x563a06a372a0_0, 0;
    %pushi/vec4 0, 0, 1;
    %assign/vec4 v0x563a06a37000_0, 0;
    %delay 3, 0;
    %pushi/vec4 0, 0, 1;
    %assign/vec4 v0x563a06a371d0_0, 0;
    %delay 3, 0;
    %pushi/vec4 1, 0, 1;
    %assign/vec4 v0x563a06a372a0_0, 0;
    %pushi/vec4 0, 0, 1;
    %assign/vec4 v0x563a06a37000_0, 0;
    %delay 8, 0;
    %pushi/vec4 0, 0, 1;
    %assign/vec4 v0x563a06a372a0_0, 0;
    %pushi/vec4 0, 0, 1;
    %assign/vec4 v0x563a06a37000_0, 0;
    %delay 8, 0;
    %pushi/vec4 0, 0, 1;
    %assign/vec4 v0x563a06a372a0_0, 0;
    %pushi/vec4 0, 0, 1;
    %assign/vec4 v0x563a06a37000_0, 0;
    %delay 8, 0;
    %pushi/vec4 0, 0, 1;
    %assign/vec4 v0x563a06a371d0_0, 0;
    %delay 3, 0;
    %pushi/vec4 0, 0, 1;
    %assign/vec4 v0x563a06a372a0_0, 0;
    %pushi/vec4 1, 0, 1;
    %assign/vec4 v0x563a06a37000_0, 0;
    %delay 8, 0;
    %pushi/vec4 0, 0, 1;
    %assign/vec4 v0x563a06a372a0_0, 0;
    %pushi/vec4 0, 0, 1;
    %assign/vec4 v0x563a06a37000_0, 0;
    %delay 8, 0;
    %pushi/vec4 0, 0, 1;
    %assign/vec4 v0x563a06a372a0_0, 0;
    %pushi/vec4 0, 0, 1;
    %assign/vec4 v0x563a06a37000_0, 0;
    %delay 8, 0;
    %pushi/vec4 1, 0, 1;
    %assign/vec4 v0x563a06a372a0_0, 0;
    %pushi/vec4 1, 0, 1;
    %assign/vec4 v0x563a06a37000_0, 0;
    %delay 3, 0;
    %vpi_call 2 37 "$finish" {0 0 0};
    %end;
    .thread T_3;
# The file index is used to find the file name in the following table.
:file_names 4;
    "N/A";
    "<interactive>";
    "thunderbird_tb.v";
    "./thunderbird.v";
