#! /usr/bin/vvp
:ivl_version "10.2 (stable)";
:ivl_delay_selection "TYPICAL";
:vpi_time_precision + 0;
:vpi_module "system";
:vpi_module "vhdl_sys";
:vpi_module "v2005_math";
:vpi_module "va_math";
S_0x55f360d81340 .scope module, "demux_1_2_tb" "demux_1_2_tb" 2 1;
 .timescale 0 0;
v0x55f360da6e90_0 .var "i", 15 0;
v0x55f360da6f70_0 .var "sel", 0 0;
v0x55f360da7040_0 .net "x", 15 0, L_0x55f360db7340;  1 drivers
v0x55f360da7140_0 .net "y", 15 0, L_0x55f360db75e0;  1 drivers
S_0x55f360d814c0 .scope module, "demux_1_2" "demux_1_2" 2 6, 3 1 0, S_0x55f360d81340;
 .timescale 0 0;
    .port_info 0 /INPUT 16 "i"
    .port_info 1 /INPUT 1 "sel"
    .port_info 2 /OUTPUT 16 "x"
    .port_info 3 /OUTPUT 16 "y"
L_0x7f640a05e018 .functor BUFT 1, C4<0>, C4<0>, C4<0>, C4<0>;
L_0x55f360da7240 .functor XNOR 1, v0x55f360da6f70_0, L_0x7f640a05e018, C4<0>, C4<0>;
L_0x7f640a05e0a8 .functor BUFT 1, C4<0>, C4<0>, C4<0>, C4<0>;
L_0x55f360db7520 .functor XNOR 1, v0x55f360da6f70_0, L_0x7f640a05e0a8, C4<0>, C4<0>;
v0x55f360d4b090_0 .net/2u *"_s0", 0 0, L_0x7f640a05e018;  1 drivers
v0x55f360da6630_0 .net *"_s10", 0 0, L_0x55f360db7520;  1 drivers
L_0x7f640a05e0f0 .functor BUFT 1, C4<0000000000000000>, C4<0>, C4<0>, C4<0>;
v0x55f360da66f0_0 .net/2u *"_s12", 15 0, L_0x7f640a05e0f0;  1 drivers
v0x55f360da67e0_0 .net *"_s2", 0 0, L_0x55f360da7240;  1 drivers
L_0x7f640a05e060 .functor BUFT 1, C4<0000000000000000>, C4<0>, C4<0>, C4<0>;
v0x55f360da68a0_0 .net/2u *"_s4", 15 0, L_0x7f640a05e060;  1 drivers
v0x55f360da69d0_0 .net/2u *"_s8", 0 0, L_0x7f640a05e0a8;  1 drivers
v0x55f360da6ab0_0 .net "i", 15 0, v0x55f360da6e90_0;  1 drivers
v0x55f360da6b90_0 .net "sel", 0 0, v0x55f360da6f70_0;  1 drivers
v0x55f360da6c50_0 .net "x", 15 0, L_0x55f360db7340;  alias, 1 drivers
v0x55f360da6d30_0 .net "y", 15 0, L_0x55f360db75e0;  alias, 1 drivers
L_0x55f360db7340 .functor MUXZ 16, L_0x7f640a05e060, v0x55f360da6e90_0, L_0x55f360da7240, C4<>;
L_0x55f360db75e0 .functor MUXZ 16, v0x55f360da6e90_0, L_0x7f640a05e0f0, L_0x55f360db7520, C4<>;
    .scope S_0x55f360d81340;
T_0 ;
    %pushi/vec4 1, 0, 16;
    %store/vec4 v0x55f360da6e90_0, 0, 16;
    %pushi/vec4 0, 0, 1;
    %store/vec4 v0x55f360da6f70_0, 0, 1;
    %delay 1, 0;
    %vpi_call 2 12 "$display", "x = ", v0x55f360da7040_0, "y = ", v0x55f360da7140_0 {0 0 0};
    %vpi_call 2 14 "$dumpfile", "mux_2_1_tb.vcd" {0 0 0};
    %vpi_call 2 15 "$dumpvars" {0 0 0};
    %end;
    .thread T_0;
# The file index is used to find the file name in the following table.
:file_names 4;
    "N/A";
    "<interactive>";
    "demux_1_2_tb.v";
    "demux_1_2.v";
