#! /usr/bin/vvp
:ivl_version "10.2 (stable)";
:ivl_delay_selection "TYPICAL";
:vpi_time_precision - 9;
:vpi_module "system";
:vpi_module "vhdl_sys";
:vpi_module "v2005_math";
:vpi_module "va_math";
S_0x560742689d30 .scope module, "demux_1_16_tb" "demux_1_16_tb" 2 4;
 .timescale -9 -9;
v0x5607426864e0_0 .net "a", 15 0, v0x5607426ca570_0;  1 drivers
v0x5607426cd290_0 .net "b", 15 0, v0x5607426ca670_0;  1 drivers
v0x5607426cd3a0_0 .net "c", 15 0, v0x5607426ca750_0;  1 drivers
v0x5607426cd490_0 .net "d", 15 0, v0x5607426ca810_0;  1 drivers
v0x5607426cd5a0_0 .net "e", 15 0, v0x5607426ca8f0_0;  1 drivers
v0x5607426cd700_0 .net "f", 15 0, v0x5607426caa20_0;  1 drivers
v0x5607426cd810_0 .net "g", 15 0, v0x5607426cab00_0;  1 drivers
v0x5607426cd920_0 .net "h", 15 0, v0x5607426cabe0_0;  1 drivers
v0x5607426cda30_0 .var "i", 15 0;
v0x5607426cdaf0_0 .net "j", 15 0, v0x5607426cb310_0;  1 drivers
v0x5607426cdc00_0 .net "k", 15 0, v0x5607426cb410_0;  1 drivers
v0x5607426cdd10_0 .net "l", 15 0, v0x5607426cb4f0_0;  1 drivers
v0x5607426cde20_0 .net "m", 15 0, v0x5607426cb5b0_0;  1 drivers
v0x5607426cdf30_0 .net "n", 15 0, v0x5607426cb690_0;  1 drivers
v0x5607426ce040_0 .net "o", 15 0, v0x5607426cb8a0_0;  1 drivers
v0x5607426ce150_0 .net "p", 15 0, v0x5607426cb980_0;  1 drivers
v0x5607426ce260_0 .net "s", 15 0, v0x5607426cb7c0_0;  1 drivers
v0x5607426ce370_0 .var "sel", 3 0;
v0x5607426ce430_0 .var "z", 15 0;
S_0x560742689eb0 .scope module, "demux_1_16" "demux_1_16" 2 9, 3 4 0, S_0x560742689d30;
 .timescale -9 -9;
    .port_info 0 /INPUT 16 "i"
    .port_info 1 /INPUT 4 "sel"
    .port_info 2 /OUTPUT 16 "a"
    .port_info 3 /OUTPUT 16 "b"
    .port_info 4 /OUTPUT 16 "c"
    .port_info 5 /OUTPUT 16 "d"
    .port_info 6 /OUTPUT 16 "e"
    .port_info 7 /OUTPUT 16 "f"
    .port_info 8 /OUTPUT 16 "g"
    .port_info 9 /OUTPUT 16 "h"
    .port_info 10 /OUTPUT 16 "j"
    .port_info 11 /OUTPUT 16 "k"
    .port_info 12 /OUTPUT 16 "l"
    .port_info 13 /OUTPUT 16 "m"
    .port_info 14 /OUTPUT 16 "n"
    .port_info 15 /OUTPUT 16 "s"
    .port_info 16 /OUTPUT 16 "o"
    .port_info 17 /OUTPUT 16 "p"
v0x5607426cbe10_0 .net "a", 15 0, v0x5607426ca570_0;  alias, 1 drivers
v0x5607426cbf20_0 .net "b", 15 0, v0x5607426ca670_0;  alias, 1 drivers
v0x5607426cbff0_0 .net "c", 15 0, v0x5607426ca750_0;  alias, 1 drivers
v0x5607426cc0f0_0 .net "d", 15 0, v0x5607426ca810_0;  alias, 1 drivers
v0x5607426cc1c0_0 .net "e", 15 0, v0x5607426ca8f0_0;  alias, 1 drivers
v0x5607426cc260_0 .net "f", 15 0, v0x5607426caa20_0;  alias, 1 drivers
v0x5607426cc330_0 .net "g", 15 0, v0x5607426cab00_0;  alias, 1 drivers
v0x5607426cc400_0 .net "h", 15 0, v0x5607426cabe0_0;  alias, 1 drivers
v0x5607426cc4d0_0 .net "i", 15 0, v0x5607426cda30_0;  1 drivers
v0x5607426cc630_0 .net "j", 15 0, v0x5607426cb310_0;  alias, 1 drivers
v0x5607426cc700_0 .net "k", 15 0, v0x5607426cb410_0;  alias, 1 drivers
v0x5607426cc7d0_0 .net "l", 15 0, v0x5607426cb4f0_0;  alias, 1 drivers
v0x5607426cc8a0_0 .net "m", 15 0, v0x5607426cb5b0_0;  alias, 1 drivers
v0x5607426cc970_0 .net "n", 15 0, v0x5607426cb690_0;  alias, 1 drivers
v0x5607426cca40_0 .net "o", 15 0, v0x5607426cb8a0_0;  alias, 1 drivers
v0x5607426ccb10_0 .net "p", 15 0, v0x5607426cb980_0;  alias, 1 drivers
v0x5607426ccbe0_0 .net "s", 15 0, v0x5607426cb7c0_0;  alias, 1 drivers
v0x5607426cccb0_0 .net "sel", 3 0, v0x5607426ce370_0;  1 drivers
v0x5607426ccd50_0 .net "tmp1", 15 0, L_0x5607426de5c0;  1 drivers
v0x5607426cce10_0 .net "tmp2", 15 0, L_0x5607426de810;  1 drivers
L_0x5607426de950 .part v0x5607426ce370_0, 3, 1;
L_0x5607426de9f0 .part v0x5607426ce370_0, 0, 3;
L_0x5607426dea90 .part v0x5607426ce370_0, 0, 3;
S_0x5607426432f0 .scope module, "demux_1_2" "demux_1_2" 3 11, 4 1 0, S_0x560742689eb0;
 .timescale -9 -9;
    .port_info 0 /INPUT 16 "i"
    .port_info 1 /INPUT 1 "sel"
    .port_info 2 /OUTPUT 16 "a"
    .port_info 3 /OUTPUT 16 "b"
L_0x7f9b7bbcd018 .functor BUFT 1, C4<0>, C4<0>, C4<0>, C4<0>;
L_0x5607426ce4f0 .functor XNOR 1, L_0x5607426de950, L_0x7f9b7bbcd018, C4<0>, C4<0>;
L_0x7f9b7bbcd0a8 .functor BUFT 1, C4<1>, C4<0>, C4<0>, C4<0>;
L_0x5607426de700 .functor XNOR 1, L_0x5607426de950, L_0x7f9b7bbcd0a8, C4<0>, C4<0>;
v0x5607426983b0_0 .net/2u *"_s0", 0 0, L_0x7f9b7bbcd018;  1 drivers
v0x5607426c9a80_0 .net *"_s10", 0 0, L_0x5607426de700;  1 drivers
L_0x7f9b7bbcd0f0 .functor BUFT 1, C4<0000000000000000>, C4<0>, C4<0>, C4<0>;
v0x5607426c9b40_0 .net/2u *"_s12", 15 0, L_0x7f9b7bbcd0f0;  1 drivers
v0x5607426c9c00_0 .net *"_s2", 0 0, L_0x5607426ce4f0;  1 drivers
L_0x7f9b7bbcd060 .functor BUFT 1, C4<0000000000000000>, C4<0>, C4<0>, C4<0>;
v0x5607426c9cc0_0 .net/2u *"_s4", 15 0, L_0x7f9b7bbcd060;  1 drivers
v0x5607426c9df0_0 .net/2u *"_s8", 0 0, L_0x7f9b7bbcd0a8;  1 drivers
v0x5607426c9ed0_0 .net "a", 15 0, L_0x5607426de5c0;  alias, 1 drivers
v0x5607426c9fb0_0 .net "b", 15 0, L_0x5607426de810;  alias, 1 drivers
v0x5607426ca090_0 .net "i", 15 0, v0x5607426cda30_0;  alias, 1 drivers
v0x5607426ca170_0 .net "sel", 0 0, L_0x5607426de950;  1 drivers
L_0x5607426de5c0 .functor MUXZ 16, L_0x7f9b7bbcd060, v0x5607426cda30_0, L_0x5607426ce4f0, C4<>;
L_0x5607426de810 .functor MUXZ 16, L_0x7f9b7bbcd0f0, v0x5607426cda30_0, L_0x5607426de700, C4<>;
S_0x5607426ca2b0 .scope module, "demux_1_8_a" "demux_1_8" 3 13, 5 1 0, S_0x560742689eb0;
 .timescale -9 -9;
    .port_info 0 /INPUT 16 "i"
    .port_info 1 /INPUT 3 "sel"
    .port_info 2 /OUTPUT 16 "a"
    .port_info 3 /OUTPUT 16 "b"
    .port_info 4 /OUTPUT 16 "c"
    .port_info 5 /OUTPUT 16 "d"
    .port_info 6 /OUTPUT 16 "e"
    .port_info 7 /OUTPUT 16 "f"
    .port_info 8 /OUTPUT 16 "g"
    .port_info 9 /OUTPUT 16 "h"
v0x5607426ca570_0 .var "a", 15 0;
v0x5607426ca670_0 .var "b", 15 0;
v0x5607426ca750_0 .var "c", 15 0;
v0x5607426ca810_0 .var "d", 15 0;
v0x5607426ca8f0_0 .var "e", 15 0;
v0x5607426caa20_0 .var "f", 15 0;
v0x5607426cab00_0 .var "g", 15 0;
v0x5607426cabe0_0 .var "h", 15 0;
v0x5607426cacc0_0 .net "i", 15 0, L_0x5607426de5c0;  alias, 1 drivers
v0x5607426cae10_0 .net "sel", 2 0, L_0x5607426de9f0;  1 drivers
E_0x560742688100 .event edge, v0x5607426cae10_0, v0x5607426c9ed0_0;
S_0x5607426cb070 .scope module, "demux_1_8_b" "demux_1_8" 3 14, 5 1 0, S_0x560742689eb0;
 .timescale -9 -9;
    .port_info 0 /INPUT 16 "i"
    .port_info 1 /INPUT 3 "sel"
    .port_info 2 /OUTPUT 16 "a"
    .port_info 3 /OUTPUT 16 "b"
    .port_info 4 /OUTPUT 16 "c"
    .port_info 5 /OUTPUT 16 "d"
    .port_info 6 /OUTPUT 16 "e"
    .port_info 7 /OUTPUT 16 "f"
    .port_info 8 /OUTPUT 16 "g"
    .port_info 9 /OUTPUT 16 "h"
v0x5607426cb310_0 .var "a", 15 0;
v0x5607426cb410_0 .var "b", 15 0;
v0x5607426cb4f0_0 .var "c", 15 0;
v0x5607426cb5b0_0 .var "d", 15 0;
v0x5607426cb690_0 .var "e", 15 0;
v0x5607426cb7c0_0 .var "f", 15 0;
v0x5607426cb8a0_0 .var "g", 15 0;
v0x5607426cb980_0 .var "h", 15 0;
v0x5607426cba60_0 .net "i", 15 0, L_0x5607426de810;  alias, 1 drivers
v0x5607426cbbb0_0 .net "sel", 2 0, L_0x5607426dea90;  1 drivers
E_0x560742688240 .event edge, v0x5607426cbbb0_0, v0x5607426c9fb0_0;
    .scope S_0x5607426ca2b0;
T_0 ;
    %wait E_0x560742688100;
    %load/vec4 v0x5607426cae10_0;
    %cmpi/e 0, 0, 3;
    %jmp/0xz  T_0.0, 4;
    %load/vec4 v0x5607426cacc0_0;
    %store/vec4 v0x5607426ca570_0, 0, 16;
    %pushi/vec4 0, 0, 16;
    %store/vec4 v0x5607426ca670_0, 0, 16;
    %pushi/vec4 0, 0, 16;
    %store/vec4 v0x5607426ca750_0, 0, 16;
    %pushi/vec4 0, 0, 16;
    %store/vec4 v0x5607426ca810_0, 0, 16;
    %pushi/vec4 0, 0, 16;
    %store/vec4 v0x5607426ca8f0_0, 0, 16;
    %pushi/vec4 0, 0, 16;
    %store/vec4 v0x5607426caa20_0, 0, 16;
    %pushi/vec4 0, 0, 16;
    %store/vec4 v0x5607426cab00_0, 0, 16;
    %pushi/vec4 0, 0, 16;
    %store/vec4 v0x5607426cabe0_0, 0, 16;
    %jmp T_0.1;
T_0.0 ;
    %load/vec4 v0x5607426cae10_0;
    %cmpi/e 1, 0, 3;
    %jmp/0xz  T_0.2, 4;
    %pushi/vec4 0, 0, 16;
    %store/vec4 v0x5607426ca570_0, 0, 16;
    %load/vec4 v0x5607426cacc0_0;
    %store/vec4 v0x5607426ca670_0, 0, 16;
    %pushi/vec4 0, 0, 16;
    %store/vec4 v0x5607426ca750_0, 0, 16;
    %pushi/vec4 0, 0, 16;
    %store/vec4 v0x5607426ca810_0, 0, 16;
    %pushi/vec4 0, 0, 16;
    %store/vec4 v0x5607426ca8f0_0, 0, 16;
    %pushi/vec4 0, 0, 16;
    %store/vec4 v0x5607426caa20_0, 0, 16;
    %pushi/vec4 0, 0, 16;
    %store/vec4 v0x5607426cab00_0, 0, 16;
    %pushi/vec4 0, 0, 16;
    %store/vec4 v0x5607426cabe0_0, 0, 16;
    %jmp T_0.3;
T_0.2 ;
    %load/vec4 v0x5607426cae10_0;
    %cmpi/e 2, 0, 3;
    %jmp/0xz  T_0.4, 4;
    %pushi/vec4 0, 0, 16;
    %store/vec4 v0x5607426ca570_0, 0, 16;
    %pushi/vec4 0, 0, 16;
    %store/vec4 v0x5607426ca670_0, 0, 16;
    %load/vec4 v0x5607426cacc0_0;
    %store/vec4 v0x5607426ca750_0, 0, 16;
    %pushi/vec4 0, 0, 16;
    %store/vec4 v0x5607426ca810_0, 0, 16;
    %pushi/vec4 0, 0, 16;
    %store/vec4 v0x5607426ca8f0_0, 0, 16;
    %pushi/vec4 0, 0, 16;
    %store/vec4 v0x5607426caa20_0, 0, 16;
    %pushi/vec4 0, 0, 16;
    %store/vec4 v0x5607426cab00_0, 0, 16;
    %pushi/vec4 0, 0, 16;
    %store/vec4 v0x5607426cabe0_0, 0, 16;
    %jmp T_0.5;
T_0.4 ;
    %load/vec4 v0x5607426cae10_0;
    %cmpi/e 3, 0, 3;
    %jmp/0xz  T_0.6, 4;
    %pushi/vec4 0, 0, 16;
    %store/vec4 v0x5607426ca570_0, 0, 16;
    %pushi/vec4 0, 0, 16;
    %store/vec4 v0x5607426ca670_0, 0, 16;
    %pushi/vec4 0, 0, 16;
    %store/vec4 v0x5607426ca750_0, 0, 16;
    %load/vec4 v0x5607426cacc0_0;
    %store/vec4 v0x5607426ca810_0, 0, 16;
    %pushi/vec4 0, 0, 16;
    %store/vec4 v0x5607426ca8f0_0, 0, 16;
    %pushi/vec4 0, 0, 16;
    %store/vec4 v0x5607426caa20_0, 0, 16;
    %pushi/vec4 0, 0, 16;
    %store/vec4 v0x5607426cab00_0, 0, 16;
    %pushi/vec4 0, 0, 16;
    %store/vec4 v0x5607426cabe0_0, 0, 16;
    %jmp T_0.7;
T_0.6 ;
    %load/vec4 v0x5607426cae10_0;
    %cmpi/e 4, 0, 3;
    %jmp/0xz  T_0.8, 4;
    %pushi/vec4 0, 0, 16;
    %store/vec4 v0x5607426ca570_0, 0, 16;
    %pushi/vec4 0, 0, 16;
    %store/vec4 v0x5607426ca670_0, 0, 16;
    %pushi/vec4 0, 0, 16;
    %store/vec4 v0x5607426ca750_0, 0, 16;
    %pushi/vec4 0, 0, 16;
    %store/vec4 v0x5607426ca810_0, 0, 16;
    %load/vec4 v0x5607426cacc0_0;
    %store/vec4 v0x5607426ca8f0_0, 0, 16;
    %pushi/vec4 0, 0, 16;
    %store/vec4 v0x5607426caa20_0, 0, 16;
    %pushi/vec4 0, 0, 16;
    %store/vec4 v0x5607426cab00_0, 0, 16;
    %pushi/vec4 0, 0, 16;
    %store/vec4 v0x5607426cabe0_0, 0, 16;
    %jmp T_0.9;
T_0.8 ;
    %load/vec4 v0x5607426cae10_0;
    %cmpi/e 5, 0, 3;
    %jmp/0xz  T_0.10, 4;
    %pushi/vec4 0, 0, 16;
    %store/vec4 v0x5607426ca570_0, 0, 16;
    %pushi/vec4 0, 0, 16;
    %store/vec4 v0x5607426ca670_0, 0, 16;
    %pushi/vec4 0, 0, 16;
    %store/vec4 v0x5607426ca750_0, 0, 16;
    %pushi/vec4 0, 0, 16;
    %store/vec4 v0x5607426ca810_0, 0, 16;
    %pushi/vec4 0, 0, 16;
    %store/vec4 v0x5607426ca8f0_0, 0, 16;
    %load/vec4 v0x5607426cacc0_0;
    %store/vec4 v0x5607426caa20_0, 0, 16;
    %pushi/vec4 0, 0, 16;
    %store/vec4 v0x5607426cab00_0, 0, 16;
    %pushi/vec4 0, 0, 16;
    %store/vec4 v0x5607426cabe0_0, 0, 16;
    %jmp T_0.11;
T_0.10 ;
    %load/vec4 v0x5607426cae10_0;
    %cmpi/e 6, 0, 3;
    %jmp/0xz  T_0.12, 4;
    %pushi/vec4 0, 0, 16;
    %store/vec4 v0x5607426ca570_0, 0, 16;
    %pushi/vec4 0, 0, 16;
    %store/vec4 v0x5607426ca670_0, 0, 16;
    %pushi/vec4 0, 0, 16;
    %store/vec4 v0x5607426ca750_0, 0, 16;
    %pushi/vec4 0, 0, 16;
    %store/vec4 v0x5607426ca810_0, 0, 16;
    %pushi/vec4 0, 0, 16;
    %store/vec4 v0x5607426ca8f0_0, 0, 16;
    %pushi/vec4 0, 0, 16;
    %store/vec4 v0x5607426caa20_0, 0, 16;
    %load/vec4 v0x5607426cacc0_0;
    %store/vec4 v0x5607426cab00_0, 0, 16;
    %pushi/vec4 0, 0, 16;
    %store/vec4 v0x5607426cabe0_0, 0, 16;
    %jmp T_0.13;
T_0.12 ;
    %load/vec4 v0x5607426cae10_0;
    %cmpi/e 7, 0, 3;
    %jmp/0xz  T_0.14, 4;
    %pushi/vec4 0, 0, 16;
    %store/vec4 v0x5607426ca570_0, 0, 16;
    %pushi/vec4 0, 0, 16;
    %store/vec4 v0x5607426ca670_0, 0, 16;
    %pushi/vec4 0, 0, 16;
    %store/vec4 v0x5607426ca750_0, 0, 16;
    %pushi/vec4 0, 0, 16;
    %store/vec4 v0x5607426ca810_0, 0, 16;
    %pushi/vec4 0, 0, 16;
    %store/vec4 v0x5607426ca8f0_0, 0, 16;
    %pushi/vec4 0, 0, 16;
    %store/vec4 v0x5607426caa20_0, 0, 16;
    %pushi/vec4 0, 0, 16;
    %store/vec4 v0x5607426cab00_0, 0, 16;
    %load/vec4 v0x5607426cacc0_0;
    %store/vec4 v0x5607426cabe0_0, 0, 16;
T_0.14 ;
T_0.13 ;
T_0.11 ;
T_0.9 ;
T_0.7 ;
T_0.5 ;
T_0.3 ;
T_0.1 ;
    %jmp T_0;
    .thread T_0, $push;
    .scope S_0x5607426cb070;
T_1 ;
    %wait E_0x560742688240;
    %load/vec4 v0x5607426cbbb0_0;
    %cmpi/e 0, 0, 3;
    %jmp/0xz  T_1.0, 4;
    %load/vec4 v0x5607426cba60_0;
    %store/vec4 v0x5607426cb310_0, 0, 16;
    %pushi/vec4 0, 0, 16;
    %store/vec4 v0x5607426cb410_0, 0, 16;
    %pushi/vec4 0, 0, 16;
    %store/vec4 v0x5607426cb4f0_0, 0, 16;
    %pushi/vec4 0, 0, 16;
    %store/vec4 v0x5607426cb5b0_0, 0, 16;
    %pushi/vec4 0, 0, 16;
    %store/vec4 v0x5607426cb690_0, 0, 16;
    %pushi/vec4 0, 0, 16;
    %store/vec4 v0x5607426cb7c0_0, 0, 16;
    %pushi/vec4 0, 0, 16;
    %store/vec4 v0x5607426cb8a0_0, 0, 16;
    %pushi/vec4 0, 0, 16;
    %store/vec4 v0x5607426cb980_0, 0, 16;
    %jmp T_1.1;
T_1.0 ;
    %load/vec4 v0x5607426cbbb0_0;
    %cmpi/e 1, 0, 3;
    %jmp/0xz  T_1.2, 4;
    %pushi/vec4 0, 0, 16;
    %store/vec4 v0x5607426cb310_0, 0, 16;
    %load/vec4 v0x5607426cba60_0;
    %store/vec4 v0x5607426cb410_0, 0, 16;
    %pushi/vec4 0, 0, 16;
    %store/vec4 v0x5607426cb4f0_0, 0, 16;
    %pushi/vec4 0, 0, 16;
    %store/vec4 v0x5607426cb5b0_0, 0, 16;
    %pushi/vec4 0, 0, 16;
    %store/vec4 v0x5607426cb690_0, 0, 16;
    %pushi/vec4 0, 0, 16;
    %store/vec4 v0x5607426cb7c0_0, 0, 16;
    %pushi/vec4 0, 0, 16;
    %store/vec4 v0x5607426cb8a0_0, 0, 16;
    %pushi/vec4 0, 0, 16;
    %store/vec4 v0x5607426cb980_0, 0, 16;
    %jmp T_1.3;
T_1.2 ;
    %load/vec4 v0x5607426cbbb0_0;
    %cmpi/e 2, 0, 3;
    %jmp/0xz  T_1.4, 4;
    %pushi/vec4 0, 0, 16;
    %store/vec4 v0x5607426cb310_0, 0, 16;
    %pushi/vec4 0, 0, 16;
    %store/vec4 v0x5607426cb410_0, 0, 16;
    %load/vec4 v0x5607426cba60_0;
    %store/vec4 v0x5607426cb4f0_0, 0, 16;
    %pushi/vec4 0, 0, 16;
    %store/vec4 v0x5607426cb5b0_0, 0, 16;
    %pushi/vec4 0, 0, 16;
    %store/vec4 v0x5607426cb690_0, 0, 16;
    %pushi/vec4 0, 0, 16;
    %store/vec4 v0x5607426cb7c0_0, 0, 16;
    %pushi/vec4 0, 0, 16;
    %store/vec4 v0x5607426cb8a0_0, 0, 16;
    %pushi/vec4 0, 0, 16;
    %store/vec4 v0x5607426cb980_0, 0, 16;
    %jmp T_1.5;
T_1.4 ;
    %load/vec4 v0x5607426cbbb0_0;
    %cmpi/e 3, 0, 3;
    %jmp/0xz  T_1.6, 4;
    %pushi/vec4 0, 0, 16;
    %store/vec4 v0x5607426cb310_0, 0, 16;
    %pushi/vec4 0, 0, 16;
    %store/vec4 v0x5607426cb410_0, 0, 16;
    %pushi/vec4 0, 0, 16;
    %store/vec4 v0x5607426cb4f0_0, 0, 16;
    %load/vec4 v0x5607426cba60_0;
    %store/vec4 v0x5607426cb5b0_0, 0, 16;
    %pushi/vec4 0, 0, 16;
    %store/vec4 v0x5607426cb690_0, 0, 16;
    %pushi/vec4 0, 0, 16;
    %store/vec4 v0x5607426cb7c0_0, 0, 16;
    %pushi/vec4 0, 0, 16;
    %store/vec4 v0x5607426cb8a0_0, 0, 16;
    %pushi/vec4 0, 0, 16;
    %store/vec4 v0x5607426cb980_0, 0, 16;
    %jmp T_1.7;
T_1.6 ;
    %load/vec4 v0x5607426cbbb0_0;
    %cmpi/e 4, 0, 3;
    %jmp/0xz  T_1.8, 4;
    %pushi/vec4 0, 0, 16;
    %store/vec4 v0x5607426cb310_0, 0, 16;
    %pushi/vec4 0, 0, 16;
    %store/vec4 v0x5607426cb410_0, 0, 16;
    %pushi/vec4 0, 0, 16;
    %store/vec4 v0x5607426cb4f0_0, 0, 16;
    %pushi/vec4 0, 0, 16;
    %store/vec4 v0x5607426cb5b0_0, 0, 16;
    %load/vec4 v0x5607426cba60_0;
    %store/vec4 v0x5607426cb690_0, 0, 16;
    %pushi/vec4 0, 0, 16;
    %store/vec4 v0x5607426cb7c0_0, 0, 16;
    %pushi/vec4 0, 0, 16;
    %store/vec4 v0x5607426cb8a0_0, 0, 16;
    %pushi/vec4 0, 0, 16;
    %store/vec4 v0x5607426cb980_0, 0, 16;
    %jmp T_1.9;
T_1.8 ;
    %load/vec4 v0x5607426cbbb0_0;
    %cmpi/e 5, 0, 3;
    %jmp/0xz  T_1.10, 4;
    %pushi/vec4 0, 0, 16;
    %store/vec4 v0x5607426cb310_0, 0, 16;
    %pushi/vec4 0, 0, 16;
    %store/vec4 v0x5607426cb410_0, 0, 16;
    %pushi/vec4 0, 0, 16;
    %store/vec4 v0x5607426cb4f0_0, 0, 16;
    %pushi/vec4 0, 0, 16;
    %store/vec4 v0x5607426cb5b0_0, 0, 16;
    %pushi/vec4 0, 0, 16;
    %store/vec4 v0x5607426cb690_0, 0, 16;
    %load/vec4 v0x5607426cba60_0;
    %store/vec4 v0x5607426cb7c0_0, 0, 16;
    %pushi/vec4 0, 0, 16;
    %store/vec4 v0x5607426cb8a0_0, 0, 16;
    %pushi/vec4 0, 0, 16;
    %store/vec4 v0x5607426cb980_0, 0, 16;
    %jmp T_1.11;
T_1.10 ;
    %load/vec4 v0x5607426cbbb0_0;
    %cmpi/e 6, 0, 3;
    %jmp/0xz  T_1.12, 4;
    %pushi/vec4 0, 0, 16;
    %store/vec4 v0x5607426cb310_0, 0, 16;
    %pushi/vec4 0, 0, 16;
    %store/vec4 v0x5607426cb410_0, 0, 16;
    %pushi/vec4 0, 0, 16;
    %store/vec4 v0x5607426cb4f0_0, 0, 16;
    %pushi/vec4 0, 0, 16;
    %store/vec4 v0x5607426cb5b0_0, 0, 16;
    %pushi/vec4 0, 0, 16;
    %store/vec4 v0x5607426cb690_0, 0, 16;
    %pushi/vec4 0, 0, 16;
    %store/vec4 v0x5607426cb7c0_0, 0, 16;
    %load/vec4 v0x5607426cba60_0;
    %store/vec4 v0x5607426cb8a0_0, 0, 16;
    %pushi/vec4 0, 0, 16;
    %store/vec4 v0x5607426cb980_0, 0, 16;
    %jmp T_1.13;
T_1.12 ;
    %load/vec4 v0x5607426cbbb0_0;
    %cmpi/e 7, 0, 3;
    %jmp/0xz  T_1.14, 4;
    %pushi/vec4 0, 0, 16;
    %store/vec4 v0x5607426cb310_0, 0, 16;
    %pushi/vec4 0, 0, 16;
    %store/vec4 v0x5607426cb410_0, 0, 16;
    %pushi/vec4 0, 0, 16;
    %store/vec4 v0x5607426cb4f0_0, 0, 16;
    %pushi/vec4 0, 0, 16;
    %store/vec4 v0x5607426cb5b0_0, 0, 16;
    %pushi/vec4 0, 0, 16;
    %store/vec4 v0x5607426cb690_0, 0, 16;
    %pushi/vec4 0, 0, 16;
    %store/vec4 v0x5607426cb7c0_0, 0, 16;
    %pushi/vec4 0, 0, 16;
    %store/vec4 v0x5607426cb8a0_0, 0, 16;
    %load/vec4 v0x5607426cba60_0;
    %store/vec4 v0x5607426cb980_0, 0, 16;
T_1.14 ;
T_1.13 ;
T_1.11 ;
T_1.9 ;
T_1.7 ;
T_1.5 ;
T_1.3 ;
T_1.1 ;
    %jmp T_1;
    .thread T_1, $push;
    .scope S_0x560742689d30;
T_2 ;
    %vpi_call 2 12 "$display", "a =", v0x5607426864e0_0, " b =", v0x5607426cd290_0, " c =", v0x5607426cd3a0_0, " d =", v0x5607426cd490_0, " e =", v0x5607426cd5a0_0, " f =", v0x5607426cd700_0, " g =", v0x5607426cd810_0, " h =", v0x5607426cd920_0, " j =", v0x5607426cdaf0_0, " k =", v0x5607426cdc00_0, " l =", v0x5607426cdd10_0, " m =", v0x5607426cde20_0, " n =", v0x5607426cdf30_0, " s =", v0x5607426ce260_0, " o =", v0x5607426ce040_0, " p =", v0x5607426ce150_0, " sel =", v0x5607426ce370_0, " i =", v0x5607426cda30_0 {0 0 0};
    %vpi_call 2 13 "$dumpfile", "mux_1_16_tb.vcd" {0 0 0};
    %vpi_call 2 14 "$dumpvars" {0 0 0};
    %pushi/vec4 0, 0, 16;
    %store/vec4 v0x5607426ce430_0, 0, 16;
T_2.0 ;
    %load/vec4 v0x5607426ce430_0;
    %pad/u 32;
    %cmpi/u 16, 0, 32;
    %jmp/0xz T_2.1, 5;
    %pushi/vec4 3, 0, 16;
    %store/vec4 v0x5607426cda30_0, 0, 16;
    %load/vec4 v0x5607426ce430_0;
    %pad/u 4;
    %store/vec4 v0x5607426ce370_0, 0, 4;
    %delay 5, 0;
    %vpi_call 2 20 "$display", "a =", v0x5607426864e0_0, " b =", v0x5607426cd290_0, " c =", v0x5607426cd3a0_0, " d =", v0x5607426cd490_0, " e =", v0x5607426cd5a0_0, " f =", v0x5607426cd700_0, " g =", v0x5607426cd810_0, " h =", v0x5607426cd920_0, " j =", v0x5607426cdaf0_0, " k =", v0x5607426cdc00_0, " l =", v0x5607426cdd10_0, " m =", v0x5607426cde20_0, " n =", v0x5607426cdf30_0, " s =", v0x5607426ce260_0, " o =", v0x5607426ce040_0, " p =", v0x5607426ce150_0, " sel =", v0x5607426ce370_0, " i =", v0x5607426cda30_0 {0 0 0};
    %load/vec4 v0x5607426ce430_0;
    %pushi/vec4 1, 0, 16;
    %add;
    %store/vec4 v0x5607426ce430_0, 0, 16;
    %jmp T_2.0;
T_2.1 ;
    %end;
    .thread T_2;
# The file index is used to find the file name in the following table.
:file_names 6;
    "N/A";
    "<interactive>";
    "demux_1_16_tb.v";
    "./demux_1_16.v";
    "./demux_1_2.v";
    "./demux_1_8.v";
