#! /usr/bin/vvp
:ivl_version "10.2 (stable)";
:ivl_delay_selection "TYPICAL";
:vpi_time_precision + 0;
:vpi_module "system";
:vpi_module "vhdl_sys";
:vpi_module "v2005_math";
:vpi_module "va_math";
S_0x55925b9ce710 .scope module, "comparator_tb" "comparator_tb" 2 2;
 .timescale 0 0;
v0x55925b9f7160_0 .var "AB", 1 0;
v0x55925b9f7240_0 .var "CD", 1 0;
v0x55925b9f7310_0 .net "F1", 0 0, L_0x55925b9f79f0;  1 drivers
v0x55925b9f7410_0 .net "F2", 0 0, L_0x55925b9f7ce0;  1 drivers
v0x55925b9f74e0_0 .net "F3", 0 0, L_0x55925b9f7f50;  1 drivers
S_0x55925b9ce890 .scope module, "comparator" "comparator" 2 6, 3 1 0, S_0x55925b9ce710;
 .timescale 0 0;
    .port_info 0 /INPUT 2 "AB"
    .port_info 1 /INPUT 2 "CD"
    .port_info 2 /OUTPUT 1 "F1"
    .port_info 3 /OUTPUT 1 "F2"
    .port_info 4 /OUTPUT 1 "F3"
L_0x55925b9f7580 .functor NOT 2, v0x55925b9f7160_0, C4<00>, C4<00>, C4<00>;
L_0x55925b9f7670 .functor AND 2, L_0x55925b9f7580, v0x55925b9f7240_0, C4<11>, C4<11>;
L_0x55925b9f7780 .functor NOT 2, v0x55925b9f7240_0, C4<00>, C4<00>, C4<00>;
L_0x55925b9f77f0 .functor AND 2, v0x55925b9f7160_0, L_0x55925b9f7780, C4<11>, C4<11>;
L_0x55925b9f78e0 .functor OR 2, L_0x55925b9f7670, L_0x55925b9f77f0, C4<00>, C4<00>;
L_0x55925b9f7b30 .functor NOT 2, v0x55925b9f7160_0, C4<00>, C4<00>, C4<00>;
L_0x55925b9f7be0 .functor AND 2, L_0x55925b9f7b30, v0x55925b9f7240_0, C4<11>, C4<11>;
L_0x55925b9f7dd0 .functor NOT 2, v0x55925b9f7240_0, C4<00>, C4<00>, C4<00>;
L_0x55925b9f7e90 .functor AND 2, L_0x55925b9f7dd0, v0x55925b9f7160_0, C4<11>, C4<11>;
v0x55925b9980d0_0 .net "AB", 1 0, v0x55925b9f7160_0;  1 drivers
v0x55925b9f6590_0 .net "CD", 1 0, v0x55925b9f7240_0;  1 drivers
v0x55925b9f6670_0 .net "F1", 0 0, L_0x55925b9f79f0;  alias, 1 drivers
v0x55925b9f6710_0 .net "F2", 0 0, L_0x55925b9f7ce0;  alias, 1 drivers
v0x55925b9f67d0_0 .net "F3", 0 0, L_0x55925b9f7f50;  alias, 1 drivers
v0x55925b9f68e0_0 .net *"_s0", 1 0, L_0x55925b9f7580;  1 drivers
v0x55925b9f69c0_0 .net *"_s12", 1 0, L_0x55925b9f7b30;  1 drivers
v0x55925b9f6aa0_0 .net *"_s14", 1 0, L_0x55925b9f7be0;  1 drivers
v0x55925b9f6b80_0 .net *"_s18", 1 0, L_0x55925b9f7dd0;  1 drivers
v0x55925b9f6c60_0 .net *"_s2", 1 0, L_0x55925b9f7670;  1 drivers
v0x55925b9f6d40_0 .net *"_s20", 1 0, L_0x55925b9f7e90;  1 drivers
v0x55925b9f6e20_0 .net *"_s4", 1 0, L_0x55925b9f7780;  1 drivers
v0x55925b9f6f00_0 .net *"_s6", 1 0, L_0x55925b9f77f0;  1 drivers
v0x55925b9f6fe0_0 .net *"_s8", 1 0, L_0x55925b9f78e0;  1 drivers
L_0x55925b9f79f0 .part L_0x55925b9f78e0, 0, 1;
L_0x55925b9f7ce0 .part L_0x55925b9f7be0, 0, 1;
L_0x55925b9f7f50 .part L_0x55925b9f7e90, 0, 1;
    .scope S_0x55925b9ce710;
T_0 ;
    %vpi_call 2 9 "$dumpfile", "comparador.vcd" {0 0 0};
    %vpi_call 2 10 "$dumpvars" {0 0 0};
    %pushi/vec4 1, 0, 2;
    %store/vec4 v0x55925b9f7160_0, 0, 2;
    %pushi/vec4 0, 0, 2;
    %store/vec4 v0x55925b9f7240_0, 0, 2;
    %delay 5, 0;
    %vpi_call 2 14 "$display", "AB = ", v0x55925b9f7160_0, "\012CD = ", v0x55925b9f7240_0 {0 0 0};
    %pushi/vec4 1, 0, 2;
    %store/vec4 v0x55925b9f7160_0, 0, 2;
    %pushi/vec4 1, 0, 2;
    %store/vec4 v0x55925b9f7240_0, 0, 2;
    %delay 5, 0;
    %vpi_call 2 18 "$display", "AB = ", v0x55925b9f7160_0, "\012CD = ", v0x55925b9f7240_0 {0 0 0};
    %pushi/vec4 0, 0, 2;
    %store/vec4 v0x55925b9f7160_0, 0, 2;
    %pushi/vec4 1, 0, 2;
    %store/vec4 v0x55925b9f7240_0, 0, 2;
    %delay 5, 0;
    %vpi_call 2 22 "$display", "AB = ", v0x55925b9f7160_0, "\012CD = ", v0x55925b9f7240_0 {0 0 0};
    %end;
    .thread T_0;
# The file index is used to find the file name in the following table.
:file_names 4;
    "N/A";
    "<interactive>";
    "comparator_tb.v";
    "./comparator.v";
