#! /usr/bin/vvp
:ivl_version "10.2 (stable)";
:ivl_delay_selection "TYPICAL";
:vpi_time_precision - 9;
:vpi_module "system";
:vpi_module "vhdl_sys";
:vpi_module "v2005_math";
:vpi_module "va_math";
S_0x55b4609e6c80 .scope module, "bcd_tb" "bcd_tb" 2 4;
 .timescale -9 -9;
v0x55b460a0cae0_0 .var "i", 4 0;
v0x55b460a0cbc0_0 .var "x", 4 0;
v0x55b460a0cc80_0 .net "y", 4 0, v0x55b460a0c9a0_0;  1 drivers
S_0x55b4609e6e00 .scope module, "bcd" "bcd" 2 8, 3 1 0, S_0x55b4609e6c80;
 .timescale -9 -9;
    .port_info 0 /INPUT 5 "x"
    .port_info 1 /OUTPUT 5 "y"
v0x55b4609ad110_0 .net "x", 4 0, v0x55b460a0cbc0_0;  1 drivers
v0x55b460a0c9a0_0 .var "y", 4 0;
E_0x55b4609e7650 .event edge, v0x55b460a0c9a0_0, v0x55b4609ad110_0;
    .scope S_0x55b4609e6e00;
T_0 ;
    %wait E_0x55b4609e7650;
    %load/vec4 v0x55b4609ad110_0;
    %cmpi/e 0, 0, 5;
    %jmp/0xz  T_0.0, 4;
    %pushi/vec4 1, 0, 5;
    %store/vec4 v0x55b460a0c9a0_0, 0, 5;
    %jmp T_0.1;
T_0.0 ;
    %load/vec4 v0x55b4609ad110_0;
    %cmpi/e 1, 0, 5;
    %jmp/0xz  T_0.2, 4;
    %pushi/vec4 2, 0, 5;
    %store/vec4 v0x55b460a0c9a0_0, 0, 5;
    %jmp T_0.3;
T_0.2 ;
    %load/vec4 v0x55b4609ad110_0;
    %cmpi/e 2, 0, 5;
    %jmp/0xz  T_0.4, 4;
    %pushi/vec4 3, 0, 5;
    %store/vec4 v0x55b460a0c9a0_0, 0, 5;
    %jmp T_0.5;
T_0.4 ;
    %load/vec4 v0x55b4609ad110_0;
    %cmpi/e 3, 0, 5;
    %jmp/0xz  T_0.6, 4;
    %pushi/vec4 4, 0, 5;
    %store/vec4 v0x55b460a0c9a0_0, 0, 5;
    %jmp T_0.7;
T_0.6 ;
    %load/vec4 v0x55b4609ad110_0;
    %cmpi/e 4, 0, 5;
    %jmp/0xz  T_0.8, 4;
    %pushi/vec4 5, 0, 5;
    %store/vec4 v0x55b460a0c9a0_0, 0, 5;
    %jmp T_0.9;
T_0.8 ;
    %load/vec4 v0x55b4609ad110_0;
    %cmpi/e 5, 0, 5;
    %jmp/0xz  T_0.10, 4;
    %pushi/vec4 6, 0, 5;
    %store/vec4 v0x55b460a0c9a0_0, 0, 5;
    %jmp T_0.11;
T_0.10 ;
    %load/vec4 v0x55b4609ad110_0;
    %cmpi/e 6, 0, 5;
    %jmp/0xz  T_0.12, 4;
    %pushi/vec4 7, 0, 5;
    %store/vec4 v0x55b460a0c9a0_0, 0, 5;
    %jmp T_0.13;
T_0.12 ;
    %load/vec4 v0x55b4609ad110_0;
    %cmpi/e 7, 0, 5;
    %jmp/0xz  T_0.14, 4;
    %pushi/vec4 8, 0, 5;
    %store/vec4 v0x55b460a0c9a0_0, 0, 5;
    %jmp T_0.15;
T_0.14 ;
    %load/vec4 v0x55b4609ad110_0;
    %cmpi/e 8, 0, 5;
    %jmp/0xz  T_0.16, 4;
    %pushi/vec4 9, 0, 5;
    %store/vec4 v0x55b460a0c9a0_0, 0, 5;
    %jmp T_0.17;
T_0.16 ;
    %load/vec4 v0x55b4609ad110_0;
    %cmpi/e 9, 0, 5;
    %jmp/0xz  T_0.18, 4;
    %pushi/vec4 0, 0, 5;
    %store/vec4 v0x55b460a0c9a0_0, 0, 5;
    %jmp T_0.19;
T_0.18 ;
    %pushi/vec4 15, 15, 5;
    %store/vec4 v0x55b460a0c9a0_0, 0, 5;
T_0.19 ;
T_0.17 ;
T_0.15 ;
T_0.13 ;
T_0.11 ;
T_0.9 ;
T_0.7 ;
T_0.5 ;
T_0.3 ;
T_0.1 ;
    %jmp T_0;
    .thread T_0, $push;
    .scope S_0x55b4609e6c80;
T_1 ;
    %pushi/vec4 0, 0, 5;
    %store/vec4 v0x55b460a0cae0_0, 0, 5;
T_1.0 ;
    %load/vec4 v0x55b460a0cae0_0;
    %pad/u 32;
    %cmpi/u 18, 0, 32;
    %jmp/0xz T_1.1, 5;
    %load/vec4 v0x55b460a0cae0_0;
    %store/vec4 v0x55b460a0cbc0_0, 0, 5;
    %delay 1, 0;
    %vpi_call 2 14 "$display", "x = %d ", &PV<v0x55b460a0cbc0_0, 0, 4>, "\012y = %d ", &PV<v0x55b460a0cc80_0, 0, 4> {0 0 0};
    %vpi_call 2 15 "$display", "--------------------------" {0 0 0};
    %load/vec4 v0x55b460a0cae0_0;
    %pushi/vec4 1, 0, 5;
    %add;
    %store/vec4 v0x55b460a0cae0_0, 0, 5;
    %jmp T_1.0;
T_1.1 ;
    %end;
    .thread T_1;
# The file index is used to find the file name in the following table.
:file_names 4;
    "N/A";
    "<interactive>";
    "bcd_tb.v";
    "./bcd.v";
