#! /usr/bin/vvp
:ivl_version "10.3 (stable)";
:ivl_delay_selection "TYPICAL";
:vpi_time_precision - 9;
:vpi_module "system";
:vpi_module "vhdl_sys";
:vpi_module "v2005_math";
:vpi_module "va_math";
S_0x561d94835680 .scope module, "alu_tb" "alu_tb" 2 2;
 .timescale -9 -9;
v0x561d94861f90_0 .var "ALUControl", 2 0;
v0x561d94862070_0 .net "ALUFlags", 3 0, L_0x561d94875b80;  1 drivers
v0x561d94862110_0 .var "ALUFlags_expected", 3 0;
v0x561d948621b0_0 .net "Result", 31 0, L_0x561d94874240;  1 drivers
v0x561d94862270_0 .var "Result_expected", 31 0;
v0x561d94862330_0 .var "a", 31 0;
v0x561d948623f0_0 .var "b", 31 0;
v0x561d948624c0_0 .var "clk", 0 0;
v0x561d94862560_0 .var "errors", 31 0;
v0x561d94862640_0 .var "reset", 0 0;
v0x561d94862700 .array "testvector", 0 1000, 101 0;
v0x561d948627c0_0 .var "vectornum", 31 0;
E_0x561d94831f90 .event negedge, v0x561d948624c0_0;
E_0x561d948326d0 .event posedge, v0x561d948624c0_0;
S_0x561d94835800 .scope module, "al" "alu" 2 14, 3 4 0, S_0x561d94835680;
 .timescale -9 -9;
    .port_info 0 /INPUT 32 "a"
    .port_info 1 /INPUT 32 "b"
    .port_info 2 /INPUT 3 "ALUControl"
    .port_info 3 /OUTPUT 32 "Result"
    .port_info 4 /OUTPUT 4 "ALUFlags"
L_0x561d94862970 .functor NOT 32, v0x561d948623f0_0, C4<00000000000000000000000000000000>, C4<00000000000000000000000000000000>, C4<00000000000000000000000000000000>;
L_0x561d94862f00 .functor XOR 33, L_0x561d94873500, L_0x561d94873630, C4<000000000000000000000000000000000>, C4<000000000000000000000000000000000>;
L_0x561d948738d0 .functor OR 33, L_0x561d948739e0, L_0x561d94873bc0, C4<000000000000000000000000000000000>, C4<000000000000000000000000000000000>;
L_0x561d948740b0 .functor AND 33, L_0x561d94873d80, L_0x561d94873f00, C4<111111111111111111111111111111111>, C4<111111111111111111111111111111111>;
L_0x561d94874a40 .functor AND 1, L_0x561d94874ab0, L_0x561d94874d10, C4<1>, C4<1>;
L_0x561d94874d10 .functor NOT 1, L_0x561d94874c70, C4<0>, C4<0>, C4<0>;
L_0x561d94874e60 .functor AND 1, L_0x561d94875050, L_0x561d948753e0, L_0x561d948759b0, C4<1>;
L_0x561d94875050 .functor NOT 1, L_0x561d94874ed0, C4<0>, C4<0>, C4<0>;
L_0x561d948753e0 .functor XOR 1, L_0x561d948751b0, L_0x561d94875250, C4<0>, C4<0>;
L_0x561d94875590 .functor NOT 1, L_0x561d948754f0, C4<0>, C4<0>, C4<0>;
L_0x561d94875850 .functor XOR 1, L_0x561d94875590, L_0x561d948756b0, C4<0>, C4<0>;
L_0x561d948759b0 .functor XOR 1, L_0x561d94875850, L_0x561d94875910, C4<0>, C4<0>;
v0x561d948359d0_0 .net "ALUControl", 2 0, v0x561d94861f90_0;  1 drivers
v0x561d9485ee40_0 .net "ALUFlags", 3 0, L_0x561d94875b80;  alias, 1 drivers
v0x561d9485ef20_0 .net "C", 0 0, L_0x561d94874a40;  1 drivers
v0x561d9485efc0_0 .net "N", 0 0, L_0x561d94874840;  1 drivers
v0x561d9485f080_0 .net "Result", 31 0, L_0x561d94874240;  alias, 1 drivers
v0x561d9485f1b0_0 .net "V", 0 0, L_0x561d94874e60;  1 drivers
v0x561d9485f270_0 .net "Z", 0 0, L_0x561d948749a0;  1 drivers
v0x561d9485f330_0 .net "_b", 31 0, L_0x561d94862a50;  1 drivers
v0x561d9485f410_0 .net *"_s1", 0 0, L_0x561d948628a0;  1 drivers
v0x561d9485f4f0_0 .net *"_s10", 32 0, L_0x561d94862cf0;  1 drivers
v0x561d9485f5d0_0 .net *"_s101", 0 0, L_0x561d94875910;  1 drivers
v0x561d9485f6b0_0 .net *"_s102", 0 0, L_0x561d948759b0;  1 drivers
L_0x7fcd4d798060 .functor BUFT 1, C4<0>, C4<0>, C4<0>, C4<0>;
v0x561d9485f790_0 .net *"_s13", 0 0, L_0x7fcd4d798060;  1 drivers
v0x561d9485f870_0 .net *"_s14", 32 0, L_0x561d94862e60;  1 drivers
v0x561d9485f950_0 .net *"_s17", 0 0, L_0x561d94863010;  1 drivers
v0x561d9485fa30_0 .net *"_s18", 32 0, L_0x561d948630f0;  1 drivers
v0x561d9485fb10_0 .net *"_s2", 31 0, L_0x561d94862970;  1 drivers
L_0x7fcd4d7980a8 .functor BUFT 1, C4<00000000000000000000000000000000>, C4<0>, C4<0>, C4<0>;
v0x561d9485fbf0_0 .net *"_s21", 31 0, L_0x7fcd4d7980a8;  1 drivers
v0x561d9485fcd0_0 .net *"_s25", 0 0, L_0x561d948733d0;  1 drivers
v0x561d9485fdb0_0 .net *"_s26", 32 0, L_0x561d94873500;  1 drivers
L_0x7fcd4d7980f0 .functor BUFT 1, C4<0>, C4<0>, C4<0>, C4<0>;
v0x561d9485fe90_0 .net *"_s29", 0 0, L_0x7fcd4d7980f0;  1 drivers
v0x561d9485ff70_0 .net *"_s30", 32 0, L_0x561d94873630;  1 drivers
L_0x7fcd4d798138 .functor BUFT 1, C4<0>, C4<0>, C4<0>, C4<0>;
v0x561d94860050_0 .net *"_s33", 0 0, L_0x7fcd4d798138;  1 drivers
v0x561d94860130_0 .net *"_s34", 32 0, L_0x561d94862f00;  1 drivers
v0x561d94860210_0 .net *"_s37", 0 0, L_0x561d94873830;  1 drivers
v0x561d948602f0_0 .net *"_s39", 0 0, L_0x561d94873940;  1 drivers
v0x561d948603d0_0 .net *"_s40", 32 0, L_0x561d948739e0;  1 drivers
L_0x7fcd4d798180 .functor BUFT 1, C4<0>, C4<0>, C4<0>, C4<0>;
v0x561d948604b0_0 .net *"_s43", 0 0, L_0x7fcd4d798180;  1 drivers
v0x561d94860590_0 .net *"_s44", 32 0, L_0x561d94873bc0;  1 drivers
L_0x7fcd4d7981c8 .functor BUFT 1, C4<0>, C4<0>, C4<0>, C4<0>;
v0x561d94860670_0 .net *"_s47", 0 0, L_0x7fcd4d7981c8;  1 drivers
v0x561d94860750_0 .net *"_s48", 32 0, L_0x561d948738d0;  1 drivers
v0x561d94860830_0 .net *"_s50", 32 0, L_0x561d94873d80;  1 drivers
L_0x7fcd4d798210 .functor BUFT 1, C4<0>, C4<0>, C4<0>, C4<0>;
v0x561d94860910_0 .net *"_s53", 0 0, L_0x7fcd4d798210;  1 drivers
v0x561d948609f0_0 .net *"_s54", 32 0, L_0x561d94873f00;  1 drivers
L_0x7fcd4d798258 .functor BUFT 1, C4<0>, C4<0>, C4<0>, C4<0>;
v0x561d94860ad0_0 .net *"_s57", 0 0, L_0x7fcd4d798258;  1 drivers
v0x561d94860bb0_0 .net *"_s58", 32 0, L_0x561d948740b0;  1 drivers
v0x561d94860c90_0 .net *"_s6", 32 0, L_0x561d94862b90;  1 drivers
v0x561d94860d70_0 .net *"_s60", 32 0, L_0x561d948741a0;  1 drivers
v0x561d94860e50_0 .net *"_s62", 32 0, L_0x561d948743d0;  1 drivers
v0x561d94860f30_0 .net *"_s64", 32 0, L_0x561d94874560;  1 drivers
L_0x7fcd4d7982a0 .functor BUFT 1, C4<00000000000000000000000000000000>, C4<0>, C4<0>, C4<0>;
v0x561d94861010_0 .net/2u *"_s70", 31 0, L_0x7fcd4d7982a0;  1 drivers
v0x561d948610f0_0 .net *"_s76", 0 0, L_0x561d94874ab0;  1 drivers
v0x561d948611d0_0 .net *"_s78", 0 0, L_0x561d94874c70;  1 drivers
v0x561d948612b0_0 .net *"_s79", 0 0, L_0x561d94874d10;  1 drivers
v0x561d94861390_0 .net *"_s83", 0 0, L_0x561d94874ed0;  1 drivers
v0x561d94861470_0 .net *"_s84", 0 0, L_0x561d94875050;  1 drivers
v0x561d94861550_0 .net *"_s87", 0 0, L_0x561d948751b0;  1 drivers
v0x561d94861630_0 .net *"_s89", 0 0, L_0x561d94875250;  1 drivers
L_0x7fcd4d798018 .functor BUFT 1, C4<0>, C4<0>, C4<0>, C4<0>;
v0x561d94861710_0 .net *"_s9", 0 0, L_0x7fcd4d798018;  1 drivers
v0x561d948617f0_0 .net *"_s90", 0 0, L_0x561d948753e0;  1 drivers
v0x561d948618d0_0 .net *"_s93", 0 0, L_0x561d948754f0;  1 drivers
v0x561d948619b0_0 .net *"_s94", 0 0, L_0x561d94875590;  1 drivers
v0x561d94861a90_0 .net *"_s97", 0 0, L_0x561d948756b0;  1 drivers
v0x561d94861b70_0 .net *"_s98", 0 0, L_0x561d94875850;  1 drivers
v0x561d94861c50_0 .net "a", 31 0, v0x561d94862330_0;  1 drivers
v0x561d94861d30_0 .net "b", 31 0, v0x561d948623f0_0;  1 drivers
v0x561d94861e10_0 .net "sum", 32 0, L_0x561d94873240;  1 drivers
L_0x561d948628a0 .part v0x561d94861f90_0, 0, 1;
L_0x561d94862a50 .functor MUXZ 32, v0x561d948623f0_0, L_0x561d94862970, L_0x561d948628a0, C4<>;
L_0x561d94862b90 .concat [ 32 1 0 0], v0x561d94862330_0, L_0x7fcd4d798018;
L_0x561d94862cf0 .concat [ 32 1 0 0], L_0x561d94862a50, L_0x7fcd4d798060;
L_0x561d94862e60 .arith/sum 33, L_0x561d94862b90, L_0x561d94862cf0;
L_0x561d94863010 .part v0x561d94861f90_0, 0, 1;
L_0x561d948630f0 .concat [ 1 32 0 0], L_0x561d94863010, L_0x7fcd4d7980a8;
L_0x561d94873240 .arith/sum 33, L_0x561d94862e60, L_0x561d948630f0;
L_0x561d948733d0 .part v0x561d94861f90_0, 2, 1;
L_0x561d94873500 .concat [ 32 1 0 0], v0x561d94862330_0, L_0x7fcd4d7980f0;
L_0x561d94873630 .concat [ 32 1 0 0], v0x561d948623f0_0, L_0x7fcd4d798138;
L_0x561d94873830 .part v0x561d94861f90_0, 1, 1;
L_0x561d94873940 .part v0x561d94861f90_0, 0, 1;
L_0x561d948739e0 .concat [ 32 1 0 0], v0x561d94862330_0, L_0x7fcd4d798180;
L_0x561d94873bc0 .concat [ 32 1 0 0], v0x561d948623f0_0, L_0x7fcd4d7981c8;
L_0x561d94873d80 .concat [ 32 1 0 0], v0x561d94862330_0, L_0x7fcd4d798210;
L_0x561d94873f00 .concat [ 32 1 0 0], v0x561d948623f0_0, L_0x7fcd4d798258;
L_0x561d948741a0 .functor MUXZ 33, L_0x561d948740b0, L_0x561d948738d0, L_0x561d94873940, C4<>;
L_0x561d948743d0 .functor MUXZ 33, L_0x561d94873240, L_0x561d948741a0, L_0x561d94873830, C4<>;
L_0x561d94874560 .functor MUXZ 33, L_0x561d948743d0, L_0x561d94862f00, L_0x561d948733d0, C4<>;
L_0x561d94874240 .part L_0x561d94874560, 0, 32;
L_0x561d94874840 .part L_0x561d94874240, 31, 1;
L_0x561d948749a0 .cmp/eq 32, L_0x561d94874240, L_0x7fcd4d7982a0;
L_0x561d94874ab0 .part L_0x561d94873240, 32, 1;
L_0x561d94874c70 .part v0x561d94861f90_0, 1, 1;
L_0x561d94874ed0 .part v0x561d94861f90_0, 1, 1;
L_0x561d948751b0 .part L_0x561d94873240, 31, 1;
L_0x561d94875250 .part v0x561d94862330_0, 31, 1;
L_0x561d948754f0 .part v0x561d94861f90_0, 0, 1;
L_0x561d948756b0 .part v0x561d94862330_0, 31, 1;
L_0x561d94875910 .part v0x561d948623f0_0, 31, 1;
L_0x561d94875b80 .concat [ 1 1 1 1], L_0x561d94874e60, L_0x561d94874a40, L_0x561d948749a0, L_0x561d94874840;
    .scope S_0x561d94835680;
T_0 ;
    %pushi/vec4 1, 0, 1;
    %store/vec4 v0x561d948624c0_0, 0, 1;
    %delay 5, 0;
    %pushi/vec4 0, 0, 1;
    %store/vec4 v0x561d948624c0_0, 0, 1;
    %delay 5, 0;
    %jmp T_0;
    .thread T_0;
    .scope S_0x561d94835680;
T_1 ;
    %vpi_call 2 23 "$readmemh", "alu.tv", v0x561d94862700 {0 0 0};
    %pushi/vec4 0, 0, 32;
    %store/vec4 v0x561d94862560_0, 0, 32;
    %pushi/vec4 0, 0, 32;
    %store/vec4 v0x561d948627c0_0, 0, 32;
    %pushi/vec4 1, 0, 1;
    %store/vec4 v0x561d94862640_0, 0, 1;
    %delay 17, 0;
    %pushi/vec4 0, 0, 1;
    %store/vec4 v0x561d94862640_0, 0, 1;
    %end;
    .thread T_1;
    .scope S_0x561d94835680;
T_2 ;
    %wait E_0x561d948326d0;
    %ix/getv 4, v0x561d948627c0_0;
    %load/vec4a v0x561d94862700, 4;
    %parti/s 4, 0, 2;
    %store/vec4 v0x561d94862110_0, 0, 4;
    %ix/getv 4, v0x561d948627c0_0;
    %load/vec4a v0x561d94862700, 4;
    %parti/s 32, 4, 4;
    %store/vec4 v0x561d94862270_0, 0, 32;
    %ix/getv 4, v0x561d948627c0_0;
    %load/vec4a v0x561d94862700, 4;
    %parti/s 32, 36, 7;
    %store/vec4 v0x561d948623f0_0, 0, 32;
    %ix/getv 4, v0x561d948627c0_0;
    %load/vec4a v0x561d94862700, 4;
    %parti/s 32, 68, 8;
    %store/vec4 v0x561d94862330_0, 0, 32;
    %ix/getv 4, v0x561d948627c0_0;
    %load/vec4a v0x561d94862700, 4;
    %parti/s 2, 100, 8;
    %pad/u 3;
    %store/vec4 v0x561d94861f90_0, 0, 3;
    %jmp T_2;
    .thread T_2;
    .scope S_0x561d94835680;
T_3 ;
    %wait E_0x561d94831f90;
    %load/vec4 v0x561d94862640_0;
    %inv;
    %flag_set/vec4 8;
    %jmp/0xz  T_3.0, 8;
    %load/vec4 v0x561d948621b0_0;
    %load/vec4 v0x561d94862270_0;
    %cmp/ne;
    %flag_mov 8, 6;
    %load/vec4 v0x561d94862070_0;
    %load/vec4 v0x561d94862110_0;
    %cmp/ne;
    %flag_or 6, 8;
    %jmp/0xz  T_3.2, 6;
    %vpi_call 2 47 "$display", "testvector: %h", &A<v0x561d94862700, v0x561d948627c0_0 > {0 0 0};
    %vpi_call 2 48 "$display", "Vectornum: %d", v0x561d948627c0_0 {0 0 0};
    %load/vec4 v0x561d94862330_0;
    %vpi_call 2 49 "$display", "Error input a: %h", S<0,vec4,u32> {1 0 0};
    %load/vec4 v0x561d948623f0_0;
    %vpi_call 2 50 "$display", "Error input b: %h", S<0,vec4,u32> {1 0 0};
    %load/vec4 v0x561d94861f90_0;
    %vpi_call 2 51 "$display", "Error input ALUControl: %h", S<0,vec4,u3> {1 0 0};
    %vpi_call 2 52 "$display", "output Result:%h, Result_expected:%b", v0x561d948621b0_0, v0x561d94862270_0 {0 0 0};
    %vpi_call 2 53 "$display", "output ALUFlags:%h, ALUFlags_expected:%b", v0x561d94862070_0, v0x561d94862110_0 {0 0 0};
    %load/vec4 v0x561d94862560_0;
    %addi 1, 0, 32;
    %store/vec4 v0x561d94862560_0, 0, 32;
T_3.2 ;
    %load/vec4 v0x561d948627c0_0;
    %addi 1, 0, 32;
    %store/vec4 v0x561d948627c0_0, 0, 32;
    %ix/getv 4, v0x561d948627c0_0;
    %load/vec4a v0x561d94862700, 4;
    %parti/s 1, 0, 2;
    %cmpi/e 1, 1, 1;
    %jmp/0xz  T_3.4, 6;
    %vpi_call 2 63 "$display", "total errors: %d", v0x561d94862560_0 {0 0 0};
    %vpi_call 2 64 "$finish" {0 0 0};
T_3.4 ;
T_3.0 ;
    %jmp T_3;
    .thread T_3;
    .scope S_0x561d94835680;
T_4 ;
    %vpi_call 2 69 "$dumpfile", "alu.vcd" {0 0 0};
    %vpi_call 2 70 "$dumpvars" {0 0 0};
    %end;
    .thread T_4;
# The file index is used to find the file name in the following table.
:file_names 4;
    "N/A";
    "<interactive>";
    "alu_tb.v";
    "./alu.v";
