#! /usr/bin/vvp
:ivl_version "10.2 (stable)";
:ivl_delay_selection "TYPICAL";
:vpi_time_precision - 9;
:vpi_module "system";
:vpi_module "vhdl_sys";
:vpi_module "v2005_math";
:vpi_module "va_math";
S_0x562fe063b750 .scope module, "rs_latch_clock_nand_behav_tb" "rs_latch_clock_nand_behav_tb" 2 4;
 .timescale -9 -9;
v0x562fe0662520_0 .var "clk", 0 0;
v0x562fe06625e0_0 .net "q", 0 0, v0x562fe0662120_0;  1 drivers
v0x562fe06626b0_0 .net "qn", 0 0, v0x562fe06621e0_0;  1 drivers
v0x562fe06627b0_0 .var "r", 0 0;
v0x562fe0662880_0 .var "s", 0 0;
S_0x562fe063b8d0 .scope module, "rs_test" "rs_latch_clock_nand_behav" 2 8, 3 1 0, S_0x562fe063b750;
 .timescale -9 -9;
    .port_info 0 /INPUT 1 "r"
    .port_info 1 /INPUT 1 "s"
    .port_info 2 /OUTPUT 1 "q"
    .port_info 3 /OUTPUT 1 "qn"
    .port_info 4 /INPUT 1 "clk"
v0x562fe06041d0_0 .net "clk", 0 0, v0x562fe0662520_0;  1 drivers
v0x562fe0662120_0 .var "q", 0 0;
v0x562fe06621e0_0 .var "qn", 0 0;
v0x562fe06622b0_0 .net "r", 0 0, v0x562fe06627b0_0;  1 drivers
v0x562fe0662370_0 .net "s", 0 0, v0x562fe0662880_0;  1 drivers
E_0x562fe0639940 .event posedge, v0x562fe06041d0_0;
    .scope S_0x562fe063b8d0;
T_0 ;
    %wait E_0x562fe0639940;
    %load/vec4 v0x562fe0662370_0;
    %pad/u 32;
    %cmpi/e 0, 0, 32;
    %jmp/0xz  T_0.0, 4;
    %pushi/vec4 1, 0, 1;
    %assign/vec4 v0x562fe0662120_0, 0;
    %pushi/vec4 0, 0, 1;
    %assign/vec4 v0x562fe06621e0_0, 0;
    %jmp T_0.1;
T_0.0 ;
    %load/vec4 v0x562fe06622b0_0;
    %pad/u 32;
    %cmpi/e 0, 0, 32;
    %jmp/0xz  T_0.2, 4;
    %pushi/vec4 0, 0, 1;
    %assign/vec4 v0x562fe0662120_0, 0;
    %pushi/vec4 1, 0, 1;
    %assign/vec4 v0x562fe06621e0_0, 0;
    %jmp T_0.3;
T_0.2 ;
    %load/vec4 v0x562fe0662370_0;
    %pad/u 32;
    %pushi/vec4 1, 0, 32;
    %cmp/e;
    %flag_get/vec4 4;
    %load/vec4 v0x562fe06622b0_0;
    %pad/u 32;
    %pushi/vec4 1, 0, 32;
    %cmp/e;
    %flag_get/vec4 4;
    %and;
    %flag_set/vec4 8;
    %jmp/0xz  T_0.4, 8;
    %load/vec4 v0x562fe0662120_0;
    %assign/vec4 v0x562fe0662120_0, 0;
    %load/vec4 v0x562fe06621e0_0;
    %assign/vec4 v0x562fe06621e0_0, 0;
T_0.4 ;
T_0.3 ;
T_0.1 ;
    %jmp T_0;
    .thread T_0;
    .scope S_0x562fe063b750;
T_1 ;
    %pushi/vec4 0, 0, 1;
    %store/vec4 v0x562fe0662520_0, 0, 1;
T_1.0 ;
    %delay 1, 0;
    %load/vec4 v0x562fe0662520_0;
    %inv;
    %store/vec4 v0x562fe0662520_0, 0, 1;
    %jmp T_1.0;
    %end;
    .thread T_1;
    .scope S_0x562fe063b750;
T_2 ;
    %pushi/vec4 1, 0, 1;
    %store/vec4 v0x562fe0662880_0, 0, 1;
    %pushi/vec4 0, 0, 1;
    %store/vec4 v0x562fe06627b0_0, 0, 1;
    %delay 1, 0;
    %vpi_call 2 18 "$display", "r=%b,s=%b,q=%b,qn=%b,clk=%b,", v0x562fe06627b0_0, v0x562fe0662880_0, v0x562fe06625e0_0, v0x562fe06626b0_0, v0x562fe0662520_0 {0 0 0};
    %delay 1, 0;
    %pushi/vec4 0, 0, 1;
    %store/vec4 v0x562fe0662880_0, 0, 1;
    %pushi/vec4 1, 0, 1;
    %store/vec4 v0x562fe06627b0_0, 0, 1;
    %delay 1, 0;
    %vpi_call 2 22 "$display", "r=%b,s=%b,q=%b,qn=%b,clk=%b,", v0x562fe06627b0_0, v0x562fe0662880_0, v0x562fe06625e0_0, v0x562fe06626b0_0, v0x562fe0662520_0 {0 0 0};
    %vpi_call 2 23 "$finish" {0 0 0};
    %end;
    .thread T_2;
# The file index is used to find the file name in the following table.
:file_names 4;
    "N/A";
    "<interactive>";
    "rs_latch_clock_nand_behav_tb.v";
    "./rs_latch_clock_nand_behav.v";
