#! /usr/bin/vvp
:ivl_version "10.2 (stable)";
:ivl_delay_selection "TYPICAL";
:vpi_time_precision + 0;
:vpi_module "system";
:vpi_module "vhdl_sys";
:vpi_module "v2005_math";
:vpi_module "va_math";
S_0x559ce69f60f0 .scope module, "t_latch_tb" "t_latch_tb" 2 2;
 .timescale 0 0;
v0x559ce6a1fff0_0 .var "c", 0 0;
v0x559ce6a20090_0 .net "q", 0 0, v0x559ce69f89c0_0;  1 drivers
v0x559ce6a20180_0 .net "qn", 0 0, v0x559ce6a1f7c0_0;  1 drivers
v0x559ce6a20270_0 .var "t", 0 0;
S_0x559ce69f6270 .scope module, "tl" "t_latch" 2 6, 3 2 0, S_0x559ce69f60f0;
 .timescale 0 0;
    .port_info 0 /INPUT 1 "c"
    .port_info 1 /INPUT 1 "t"
    .port_info 2 /OUTPUT 1 "q"
    .port_info 3 /OUTPUT 1 "qn"
v0x559ce6a1fac0_0 .net "c", 0 0, v0x559ce6a1fff0_0;  1 drivers
v0x559ce6a1fba0_0 .net "q", 0 0, v0x559ce69f89c0_0;  alias, 1 drivers
v0x559ce6a1fc60_0 .net "qn", 0 0, v0x559ce6a1f7c0_0;  alias, 1 drivers
v0x559ce6a1fd60_0 .var "s", 0 0;
v0x559ce6a1fe30_0 .net "t", 0 0, v0x559ce6a20270_0;  1 drivers
v0x559ce6a1ff20_0 .var "tt", 0 0;
E_0x559ce69f6f00 .event edge, v0x559ce6a1fac0_0, v0x559ce6a1fe30_0;
S_0x559ce69f8780 .scope module, "sr_latch" "sr_latch" 3 27, 4 1 0, S_0x559ce69f6270;
 .timescale 0 0;
    .port_info 0 /INPUT 1 "s"
    .port_info 1 /INPUT 1 "r"
    .port_info 2 /OUTPUT 1 "q"
    .port_info 3 /OUTPUT 1 "qn"
v0x559ce69f89c0_0 .var "q", 0 0;
v0x559ce6a1f7c0_0 .var "qn", 0 0;
v0x559ce6a1f880_0 .net "r", 0 0, v0x559ce6a1ff20_0;  1 drivers
v0x559ce6a1f950_0 .net "s", 0 0, v0x559ce6a1fd60_0;  1 drivers
E_0x559ce69f5580 .event edge, v0x559ce6a1f950_0, v0x559ce6a1f7c0_0, v0x559ce6a1f880_0, v0x559ce69f89c0_0;
    .scope S_0x559ce69f8780;
T_0 ;
    %wait E_0x559ce69f5580;
    %load/vec4 v0x559ce6a1f950_0;
    %load/vec4 v0x559ce6a1f7c0_0;
    %and;
    %inv;
    %assign/vec4 v0x559ce69f89c0_0, 0;
    %load/vec4 v0x559ce6a1f880_0;
    %load/vec4 v0x559ce69f89c0_0;
    %and;
    %inv;
    %assign/vec4 v0x559ce6a1f7c0_0, 0;
    %jmp T_0;
    .thread T_0, $push;
    .scope S_0x559ce69f6270;
T_1 ;
    %wait E_0x559ce69f6f00;
    %load/vec4 v0x559ce6a1fac0_0;
    %pushi/vec4 1, 0, 1;
    %cmp/e;
    %flag_get/vec4 4;
    %load/vec4 v0x559ce6a1fe30_0;
    %pushi/vec4 1, 0, 1;
    %cmp/e;
    %flag_get/vec4 4;
    %and;
    %flag_set/vec4 8;
    %jmp/0xz  T_1.0, 8;
    %pushi/vec4 1, 0, 1;
    %store/vec4 v0x559ce6a1fd60_0, 0, 1;
    %pushi/vec4 0, 0, 1;
    %store/vec4 v0x559ce6a1ff20_0, 0, 1;
    %jmp T_1.1;
T_1.0 ;
    %pushi/vec4 1, 0, 1;
    %store/vec4 v0x559ce6a1fd60_0, 0, 1;
    %pushi/vec4 1, 0, 1;
    %store/vec4 v0x559ce6a1ff20_0, 0, 1;
T_1.1 ;
    %jmp T_1;
    .thread T_1, $push;
    .scope S_0x559ce69f60f0;
T_2 ;
    %pushi/vec4 1, 0, 1;
    %assign/vec4 v0x559ce6a20270_0, 0;
    %pushi/vec4 0, 0, 1;
    %assign/vec4 v0x559ce6a1fff0_0, 0;
    %delay 2, 0;
    %pushi/vec4 1, 0, 1;
    %assign/vec4 v0x559ce6a20270_0, 0;
    %pushi/vec4 1, 0, 1;
    %assign/vec4 v0x559ce6a1fff0_0, 0;
    %delay 2, 0;
    %pushi/vec4 0, 0, 1;
    %assign/vec4 v0x559ce6a20270_0, 0;
    %pushi/vec4 1, 0, 1;
    %assign/vec4 v0x559ce6a1fff0_0, 0;
    %delay 2, 0;
    %pushi/vec4 0, 0, 1;
    %assign/vec4 v0x559ce6a20270_0, 0;
    %pushi/vec4 0, 0, 1;
    %assign/vec4 v0x559ce6a1fff0_0, 0;
    %delay 2, 0;
    %vpi_call 2 18 "$finish" {0 0 0};
    %end;
    .thread T_2;
    .scope S_0x559ce69f60f0;
T_3 ;
    %vpi_call 2 22 "$monitor", "t=%4b\011| c=%4b\011| q=%4b\011| qn=%4b\011", v0x559ce6a20270_0, v0x559ce6a1fff0_0, v0x559ce6a20090_0, v0x559ce6a20180_0 {0 0 0};
    %end;
    .thread T_3;
    .scope S_0x559ce69f60f0;
T_4 ;
    %vpi_call 2 26 "$dumpfile", "tl.vcd" {0 0 0};
    %vpi_call 2 27 "$dumpvars" {0 0 0};
    %end;
    .thread T_4;
# The file index is used to find the file name in the following table.
:file_names 5;
    "N/A";
    "<interactive>";
    "t_latch_tb.v";
    "./t_latch.v";
    "./sr_latch.v";
